{"level":"info","message":"Hello form Acquisition!","service":"acquisitions-api"}
{"level":"info","message":"::1 - - [08/Mar/2026:07:57:24 +0000] \"GET / HTTP/1.1\" 200 24 \"-\" \"Mozilla/5.0 (Windows NT 10.0; Win64; x64) AppleWebKit/537.36 (KHTML, like Gecko) Chrome/136.0.0.0 Safari/537.36\"","service":"acquisitions-api"}
{"level":"info","message":"Hello form Acquisition!","service":"acquisitions-api"}
{"level":"info","message":"::1 - - [25/Mar/2026:06:45:39 +0000] \"GET / HTTP/1.1\" 200 24 \"-\" \"Mozilla/5.0 (Windows NT 10.0; Win64; x64) AppleWebKit/537.36 (KHTML, like Gecko) Chrome/136.0.0.0 Safari/537.36\"","service":"acquisitions-api"}
{"level":"info","message":"::1 - - [25/Mar/2026:06:45:39 +0000] \"GET /favicon.ico HTTP/1.1\" 404 150 \"-\" \"Mozilla/5.0 (Windows NT 10.0; Win64; x64) AppleWebKit/537.36 (KHTML, like Gecko) Chrome/136.0.0.0 Safari/537.36\"","service":"acquisitions-api"}
{"level":"info","message":"Hello form Acquisition!","service":"acquisitions-api"}
{"level":"info","message":"::1 - - [25/Mar/2026:07:11:37 +0000] \"GET / HTTP/1.1\" 200 24 \"-\" \"HTTPie\"","service":"acquisitions-api"}
{"level":"info","message":"::1 - - [25/Mar/2026:07:11:41 +0000] \"GET /api HTTP/1.1\" 200 33 \"-\" \"HTTPie\"","service":"acquisitions-api"}
{"level":"info","message":"::1 - - [25/Mar/2026:07:13:15 +0000] \"POST /api/auth/sign-in HTTP/1.1\" 404 156 \"-\" \"HTTPie\"","service":"acquisitions-api"}
{"level":"info","message":"::1 - - [25/Mar/2026:07:13:48 +0000] \"POST /api/auth/sign-in HTTP/1.1\" 404 156 \"-\" \"HTTPie\"","service":"acquisitions-api"}
{"level":"info","message":"::1 - - [25/Mar/2026:07:13:49 +0000] \"POST /api/auth/sign-in HTTP/1.1\" 404 156 \"-\" \"HTTPie\"","service":"acquisitions-api"}
{"level":"info","message":"::1 - - [25/Mar/2026:07:13:49 +0000] \"POST /api/auth/sign-in HTTP/1.1\" 404 156 \"-\" \"HTTPie\"","service":"acquisitions-api"}
{"level":"info","message":"::1 - - [25/Mar/2026:07:13:50 +0000] \"POST /api/auth/sign-in HTTP/1.1\" 404 156 \"-\" \"HTTPie\"","service":"acquisitions-api"}
{"level":"info","message":"::1 - - [25/Mar/2026:07:13:50 +0000] \"POST /api/auth/sign-in HTTP/1.1\" 404 156 \"-\" \"HTTPie\"","service":"acquisitions-api"}
{"level":"info","message":"::1 - - [25/Mar/2026:07:13:50 +0000] \"POST /api/auth/sign-in HTTP/1.1\" 404 156 \"-\" \"HTTPie\"","service":"acquisitions-api"}
{"level":"info","message":"::1 - - [25/Mar/2026:07:14:10 +0000] \"GET /api/auth/sign-in HTTP/1.1\" 404 155 \"-\" \"HTTPie\"","service":"acquisitions-api"}
{"level":"info","message":"::1 - - [25/Mar/2026:07:14:13 +0000] \"GET /api/auth/sign-in HTTP/1.1\" 404 155 \"-\" \"HTTPie\"","service":"acquisitions-api"}
{"level":"info","message":"::1 - - [25/Mar/2026:07:14:14 +0000] \"GET /api/auth/sign-in HTTP/1.1\" 404 155 \"-\" \"HTTPie\"","service":"acquisitions-api"}
{"level":"info","message":"::1 - - [25/Mar/2026:07:14:16 +0000] \"GET /api HTTP/1.1\" 200 33 \"-\" \"HTTPie\"","service":"acquisitions-api"}
{"level":"info","message":"::1 - - [26/Mar/2026:08:23:33 +0000] \"GET /api/auth/sign-in HTTP/1.1\" 404 155 \"-\" \"HTTPie\"","service":"acquisitions-api"}
{"level":"info","message":"::1 - - [26/Mar/2026:08:23:41 +0000] \"POST /api/auth/sign-in HTTP/1.1\" 404 156 \"-\" \"HTTPie\"","service":"acquisitions-api"}
{"level":"info","message":"::1 - - [26/Mar/2026:08:23:42 +0000] \"POST /api/auth/sign-in HTTP/1.1\" 404 156 \"-\" \"HTTPie\"","service":"acquisitions-api"}
{"level":"info","message":"::1 - - [26/Mar/2026:08:23:42 +0000] \"POST /api/auth/sign-in HTTP/1.1\" 404 156 \"-\" \"HTTPie\"","service":"acquisitions-api"}
{"level":"info","message":"::1 - - [26/Mar/2026:08:23:43 +0000] \"POST /api/auth/sign-in HTTP/1.1\" 404 156 \"-\" \"HTTPie\"","service":"acquisitions-api"}
{"level":"info","message":"::1 - - [26/Mar/2026:08:23:43 +0000] \"POST /api/auth/sign-in HTTP/1.1\" 404 156 \"-\" \"HTTPie\"","service":"acquisitions-api"}
{"level":"info","message":"::1 - - [26/Mar/2026:08:23:43 +0000] \"POST /api/auth/sign-in HTTP/1.1\" 404 156 \"-\" \"HTTPie\"","service":"acquisitions-api"}
{"level":"info","message":"::1 - - [26/Mar/2026:08:24:30 +0000] \"POST /api/auth/sign-up HTTP/1.1\" 404 156 \"-\" \"HTTPie\"","service":"acquisitions-api"}
{"level":"info","message":"::1 - - [26/Mar/2026:12:00:17 +0000] \"POST /api/auth/sign-up HTTP/1.1\" 500 1614 \"-\" \"HTTPie\"","service":"acquisitions-api"}
{"level":"info","message":"::1 - - [26/Mar/2026:12:02:53 +0000] \"POST /api/auth/sign-up HTTP/1.1\" 500 1614 \"-\" \"HTTPie\"","service":"acquisitions-api"}
{"level":"info","message":"::1 - - [26/Mar/2026:12:02:54 +0000] \"POST /api/auth/sign-up HTTP/1.1\" 500 1614 \"-\" \"HTTPie\"","service":"acquisitions-api"}
{"level":"info","message":"::1 - - [26/Mar/2026:12:02:55 +0000] \"POST /api/auth/sign-up HTTP/1.1\" 500 1614 \"-\" \"HTTPie\"","service":"acquisitions-api"}
{"level":"info","message":"::1 - - [26/Mar/2026:12:02:55 +0000] \"POST /api/auth/sign-up HTTP/1.1\" 500 1614 \"-\" \"HTTPie\"","service":"acquisitions-api"}
{"level":"info","message":"::1 - - [26/Mar/2026:12:04:28 +0000] \"POST /api/auth/sign-up HTTP/1.1\" 500 1614 \"-\" \"HTTPie\"","service":"acquisitions-api"}
{"level":"info","message":"::1 - - [26/Mar/2026:12:04:29 +0000] \"POST /api/auth/sign-up HTTP/1.1\" 500 1614 \"-\" \"HTTPie\"","service":"acquisitions-api"}
{"level":"info","message":"::1 - - [26/Mar/2026:12:04:30 +0000] \"POST /api/auth/sign-up HTTP/1.1\" 500 1614 \"-\" \"HTTPie\"","service":"acquisitions-api"}
{"level":"info","message":"::1 - - [26/Mar/2026:12:04:30 +0000] \"POST /api/auth/sign-up HTTP/1.1\" 500 1614 \"-\" \"HTTPie\"","service":"acquisitions-api"}
{"level":"info","message":"::1 - - [26/Mar/2026:12:04:51 +0000] \"POST /api/auth/sign-up HTTP/1.1\" 500 1614 \"-\" \"HTTPie\"","service":"acquisitions-api"}
{"level":"info","message":"::1 - - [26/Mar/2026:12:04:52 +0000] \"POST /api/auth/sign-up HTTP/1.1\" 500 1614 \"-\" \"HTTPie\"","service":"acquisitions-api"}
{"level":"info","message":"::1 - - [26/Mar/2026:12:04:52 +0000] \"POST /api/auth/sign-up HTTP/1.1\" 500 1614 \"-\" \"HTTPie\"","service":"acquisitions-api"}
{"level":"info","message":"::1 - - [26/Mar/2026:12:04:52 +0000] \"POST /api/auth/sign-up HTTP/1.1\" 500 1614 \"-\" \"HTTPie\"","service":"acquisitions-api"}
{"level":"info","message":"::1 - - [26/Mar/2026:12:04:52 +0000] \"POST /api/auth/sign-up HTTP/1.1\" 500 1614 \"-\" \"HTTPie\"","service":"acquisitions-api"}
{"level":"info","message":"::1 - - [26/Mar/2026:12:04:53 +0000] \"POST /api/auth/sign-up HTTP/1.1\" 500 1614 \"-\" \"HTTPie\"","service":"acquisitions-api"}
{"level":"info","message":"::1 - - [26/Mar/2026:12:04:53 +0000] \"POST /api/auth/sign-up HTTP/1.1\" 500 1614 \"-\" \"HTTPie\"","service":"acquisitions-api"}
{"level":"info","message":"::1 - - [26/Mar/2026:12:04:53 +0000] \"POST /api/auth/sign-up HTTP/1.1\" 500 1614 \"-\" \"HTTPie\"","service":"acquisitions-api"}
{"level":"info","message":"::1 - - [26/Mar/2026:12:04:53 +0000] \"POST /api/auth/sign-up HTTP/1.1\" 500 1614 \"-\" \"HTTPie\"","service":"acquisitions-api"}
{"level":"info","message":"::1 - - [26/Mar/2026:12:04:53 +0000] \"POST /api/auth/sign-up HTTP/1.1\" 500 1614 \"-\" \"HTTPie\"","service":"acquisitions-api"}
{"level":"info","message":"::1 - - [26/Mar/2026:12:07:36 +0000] \"POST /api/auth/sign-up HTTP/1.1\" 500 1614 \"-\" \"HTTPie\"","service":"acquisitions-api"}
{"level":"info","message":"::1 - - [26/Mar/2026:12:08:21 +0000] \"POST /api/auth/sign-up HTTP/1.1\" 500 1620 \"-\" \"HTTPie\"","service":"acquisitions-api"}
{"level":"info","message":"::1 - - [26/Mar/2026:12:08:22 +0000] \"POST /api/auth/sign-up HTTP/1.1\" 500 1620 \"-\" \"HTTPie\"","service":"acquisitions-api"}
{"level":"info","message":"::1 - - [26/Mar/2026:12:08:22 +0000] \"POST /api/auth/sign-up HTTP/1.1\" 500 1620 \"-\" \"HTTPie\"","service":"acquisitions-api"}
{"level":"info","message":"::1 - - [26/Mar/2026:12:08:43 +0000] \"POST /api/auth/sign-up HTTP/1.1\" 500 1620 \"-\" \"HTTPie\"","service":"acquisitions-api"}
{"level":"info","message":"::1 - - [26/Mar/2026:12:08:44 +0000] \"POST /api/auth/sign-up HTTP/1.1\" 500 1620 \"-\" \"HTTPie\"","service":"acquisitions-api"}
{"level":"info","message":"::1 - - [26/Mar/2026:12:08:44 +0000] \"POST /api/auth/sign-up HTTP/1.1\" 500 1620 \"-\" \"HTTPie\"","service":"acquisitions-api"}
{"level":"info","message":"::1 - - [26/Mar/2026:12:08:45 +0000] \"POST /api/auth/sign-up HTTP/1.1\" 500 1620 \"-\" \"HTTPie\"","service":"acquisitions-api"}
{"level":"info","message":"::1 - - [26/Mar/2026:12:11:12 +0000] \"POST /api/auth/sign-up HTTP/1.1\" 500 1620 \"-\" \"HTTPie\"","service":"acquisitions-api"}
{"level":"info","message":"::1 - - [26/Mar/2026:12:11:13 +0000] \"POST /api/auth/sign-up HTTP/1.1\" 500 1620 \"-\" \"HTTPie\"","service":"acquisitions-api"}
{"level":"info","message":"::1 - - [26/Mar/2026:12:11:13 +0000] \"POST /api/auth/sign-up HTTP/1.1\" 500 1620 \"-\" \"HTTPie\"","service":"acquisitions-api"}
{"level":"info","message":"::1 - - [26/Mar/2026:12:11:14 +0000] \"POST /api/auth/sign-up HTTP/1.1\" 500 1620 \"-\" \"HTTPie\"","service":"acquisitions-api"}
{"level":"info","message":"::1 - - [26/Mar/2026:12:11:14 +0000] \"POST /api/auth/sign-up HTTP/1.1\" 500 1620 \"-\" \"HTTPie\"","service":"acquisitions-api"}
{"level":"info","message":"::1 - - [26/Mar/2026:12:46:20 +0000] \"POST /api/auth/sign-up HTTP/1.1\" 201 110 \"-\" \"HTTPie\"","service":"acquisitions-api"}
{"cause":{"code":"23502","column":"password","detail":"Failing row contains (1, arka, contact@arkamallik5.com, null, user, 2026-03-26 16:21:34.236321, 2026-03-26 16:21:34.236321).","file":"execMain.c","line":"2032","name":"NeonDbError","routine":"ExecConstraints","schema":"public","severity":"ERROR","table":"users"},"level":"error","message":"Error creating user: Failed query: insert into \"users\" (\"id\", \"name\", \"email\", \"password\", \"role\", \"created_at\", \"updated_at\") values (default, $1, $2, default, $3, default, default) returning \"id\", \"name\", \"email\", \"role\", \"created_at\"\nparams: arka,contact@arkamallik5.com,user","params":["arka","contact@arkamallik5.com","user"],"query":"insert into \"users\" (\"id\", \"name\", \"email\", \"password\", \"role\", \"created_at\", \"updated_at\") values (default, $1, $2, default, $3, default, default) returning \"id\", \"name\", \"email\", \"role\", \"created_at\"","service":"acquisitions-api","stack":"Error: Failed query: insert into \"users\" (\"id\", \"name\", \"email\", \"password\", \"role\", \"created_at\", \"updated_at\") values (default, $1, $2, default, $3, default, default) returning \"id\", \"name\", \"email\", \"role\", \"created_at\"\nparams: arka,contact@arkamallik5.com,user\n    at NeonHttpPreparedQuery.queryWithCache (file:///C:/Users/ARKA%20MALLIK/OneDrive/%E3%83%89%E3%82%AD%E3%83%A5%E3%83%A1%E3%83%B3%E3%83%88/Desktop/acquisitions/node_modules/drizzle-orm/pg-core/session.js:41:15)\n    at process.processTicksAndRejections (node:internal/process/task_queues:95:5)\n    at async NeonHttpPreparedQuery.execute (file:///C:/Users/ARKA%20MALLIK/OneDrive/%E3%83%89%E3%82%AD%E3%83%A5%E3%83%A1%E3%83%B3%E3%83%88/Desktop/acquisitions/node_modules/drizzle-orm/neon-http/session.js:45:20)\n    at async createUser (file:///C:/Users/ARKA%20MALLIK/OneDrive/%E3%83%89%E3%82%AD%E3%83%A5%E3%83%A1%E3%83%B3%E3%83%88/Desktop/acquisitions/src/services/auth.service.js:30:23)\n    at async signup (file:///C:/Users/ARKA%20MALLIK/OneDrive/%E3%83%89%E3%82%AD%E3%83%A5%E3%83%A1%E3%83%B3%E3%83%88/Desktop/acquisitions/src/controllers/auth.controller.js:20:18)"}
{"cause":{"code":"23502","column":"password","detail":"Failing row contains (1, arka, contact@arkamallik5.com, null, user, 2026-03-26 16:21:34.236321, 2026-03-26 16:21:34.236321).","file":"execMain.c","line":"2032","name":"NeonDbError","routine":"ExecConstraints","schema":"public","severity":"ERROR","table":"users"},"level":"error","message":"Error in signup controller: Failed query: insert into \"users\" (\"id\", \"name\", \"email\", \"password\", \"role\", \"created_at\", \"updated_at\") values (default, $1, $2, default, $3, default, default) returning \"id\", \"name\", \"email\", \"role\", \"created_at\"\nparams: arka,contact@arkamallik5.com,user","params":["arka","contact@arkamallik5.com","user"],"query":"insert into \"users\" (\"id\", \"name\", \"email\", \"password\", \"role\", \"created_at\", \"updated_at\") values (default, $1, $2, default, $3, default, default) returning \"id\", \"name\", \"email\", \"role\", \"created_at\"","service":"acquisitions-api","stack":"Error: Failed query: insert into \"users\" (\"id\", \"name\", \"email\", \"password\", \"role\", \"created_at\", \"updated_at\") values (default, $1, $2, default, $3, default, default) returning \"id\", \"name\", \"email\", \"role\", \"created_at\"\nparams: arka,contact@arkamallik5.com,user\n    at NeonHttpPreparedQuery.queryWithCache (file:///C:/Users/ARKA%20MALLIK/OneDrive/%E3%83%89%E3%82%AD%E3%83%A5%E3%83%A1%E3%83%B3%E3%83%88/Desktop/acquisitions/node_modules/drizzle-orm/pg-core/session.js:41:15)\n    at process.processTicksAndRejections (node:internal/process/task_queues:95:5)\n    at async NeonHttpPreparedQuery.execute (file:///C:/Users/ARKA%20MALLIK/OneDrive/%E3%83%89%E3%82%AD%E3%83%A5%E3%83%A1%E3%83%B3%E3%83%88/Desktop/acquisitions/node_modules/drizzle-orm/neon-http/session.js:45:20)\n    at async createUser (file:///C:/Users/ARKA%20MALLIK/OneDrive/%E3%83%89%E3%82%AD%E3%83%A5%E3%83%A1%E3%83%B3%E3%83%88/Desktop/acquisitions/src/services/auth.service.js:30:23)\n    at async signup (file:///C:/Users/ARKA%20MALLIK/OneDrive/%E3%83%89%E3%82%AD%E3%83%A5%E3%83%A1%E3%83%B3%E3%83%88/Desktop/acquisitions/src/controllers/auth.controller.js:20:18)"}
{"level":"info","message":"::1 - - [26/Mar/2026:16:21:30 +0000] \"POST /api/auth/sign-up HTTP/1.1\" 500 1452 \"-\" \"HTTPie\"","service":"acquisitions-api"}
{"cause":{"code":"42703","file":"parse_relation.c","line":"3716","name":"NeonDbError","position":"31","routine":"errorMissingColumn","severity":"ERROR"},"level":"error","message":"Error creating user: Failed query: select \"id\", \"name\", \"email\", \"password_hash\", \"role\", \"created_at\", \"updated_at\" from \"users\" where \"users\".\"email\" = $1 limit $2\nparams: contact@arkamallik5.com,1","params":["contact@arkamallik5.com",1],"query":"select \"id\", \"name\", \"email\", \"password_hash\", \"role\", \"created_at\", \"updated_at\" from \"users\" where \"users\".\"email\" = $1 limit $2","service":"acquisitions-api","stack":"Error: Failed query: select \"id\", \"name\", \"email\", \"password_hash\", \"role\", \"created_at\", \"updated_at\" from \"users\" where \"users\".\"email\" = $1 limit $2\nparams: contact@arkamallik5.com,1\n    at NeonHttpPreparedQuery.queryWithCache (file:///C:/Users/ARKA%20MALLIK/OneDrive/%E3%83%89%E3%82%AD%E3%83%A5%E3%83%A1%E3%83%B3%E3%83%88/Desktop/acquisitions/node_modules/drizzle-orm/pg-core/session.js:41:15)\n    at process.processTicksAndRejections (node:internal/process/task_queues:95:5)\n    at async NeonHttpPreparedQuery.execute (file:///C:/Users/ARKA%20MALLIK/OneDrive/%E3%83%89%E3%82%AD%E3%83%A5%E3%83%A1%E3%83%B3%E3%83%88/Desktop/acquisitions/node_modules/drizzle-orm/neon-http/session.js:45:20)\n    at async createUser (file:///C:/Users/ARKA%20MALLIK/OneDrive/%E3%83%89%E3%82%AD%E3%83%A5%E3%83%A1%E3%83%B3%E3%83%88/Desktop/acquisitions/src/services/auth.service.js:18:26)\n    at async signup (file:///C:/Users/ARKA%20MALLIK/OneDrive/%E3%83%89%E3%82%AD%E3%83%A5%E3%83%A1%E3%83%B3%E3%83%88/Desktop/acquisitions/src/controllers/auth.controller.js:20:18)"}
{"cause":{"code":"42703","file":"parse_relation.c","line":"3716","name":"NeonDbError","position":"31","routine":"errorMissingColumn","severity":"ERROR"},"level":"error","message":"Error in signup controller: Failed query: select \"id\", \"name\", \"email\", \"password_hash\", \"role\", \"created_at\", \"updated_at\" from \"users\" where \"users\".\"email\" = $1 limit $2\nparams: contact@arkamallik5.com,1","params":["contact@arkamallik5.com",1],"query":"select \"id\", \"name\", \"email\", \"password_hash\", \"role\", \"created_at\", \"updated_at\" from \"users\" where \"users\".\"email\" = $1 limit $2","service":"acquisitions-api","stack":"Error: Failed query: select \"id\", \"name\", \"email\", \"password_hash\", \"role\", \"created_at\", \"updated_at\" from \"users\" where \"users\".\"email\" = $1 limit $2\nparams: contact@arkamallik5.com,1\n    at NeonHttpPreparedQuery.queryWithCache (file:///C:/Users/ARKA%20MALLIK/OneDrive/%E3%83%89%E3%82%AD%E3%83%A5%E3%83%A1%E3%83%B3%E3%83%88/Desktop/acquisitions/node_modules/drizzle-orm/pg-core/session.js:41:15)\n    at process.processTicksAndRejections (node:internal/process/task_queues:95:5)\n    at async NeonHttpPreparedQuery.execute (file:///C:/Users/ARKA%20MALLIK/OneDrive/%E3%83%89%E3%82%AD%E3%83%A5%E3%83%A1%E3%83%B3%E3%83%88/Desktop/acquisitions/node_modules/drizzle-orm/neon-http/session.js:45:20)\n    at async createUser (file:///C:/Users/ARKA%20MALLIK/OneDrive/%E3%83%89%E3%82%AD%E3%83%A5%E3%83%A1%E3%83%B3%E3%83%88/Desktop/acquisitions/src/services/auth.service.js:18:26)\n    at async signup (file:///C:/Users/ARKA%20MALLIK/OneDrive/%E3%83%89%E3%82%AD%E3%83%A5%E3%83%A1%E3%83%B3%E3%83%88/Desktop/acquisitions/src/controllers/auth.controller.js:20:18)"}
{"level":"info","message":"::1 - - [26/Mar/2026:16:23:34 +0000] \"POST /api/auth/sign-up HTTP/1.1\" 500 1343 \"-\" \"HTTPie\"","service":"acquisitions-api"}
{"cause":{"code":"42703","file":"parse_relation.c","line":"3716","name":"NeonDbError","position":"31","routine":"errorMissingColumn","severity":"ERROR"},"level":"error","message":"Error creating user: Failed query: select \"id\", \"name\", \"email\", \"password_hash\", \"role\", \"created_at\", \"updated_at\" from \"users\" where \"users\".\"email\" = $1 limit $2\nparams: contact@arkamallik5.com,1","params":["contact@arkamallik5.com",1],"query":"select \"id\", \"name\", \"email\", \"password_hash\", \"role\", \"created_at\", \"updated_at\" from \"users\" where \"users\".\"email\" = $1 limit $2","service":"acquisitions-api","stack":"Error: Failed query: select \"id\", \"name\", \"email\", \"password_hash\", \"role\", \"created_at\", \"updated_at\" from \"users\" where \"users\".\"email\" = $1 limit $2\nparams: contact@arkamallik5.com,1\n    at NeonHttpPreparedQuery.queryWithCache (file:///C:/Users/ARKA%20MALLIK/OneDrive/%E3%83%89%E3%82%AD%E3%83%A5%E3%83%A1%E3%83%B3%E3%83%88/Desktop/acquisitions/node_modules/drizzle-orm/pg-core/session.js:41:15)\n    at process.processTicksAndRejections (node:internal/process/task_queues:95:5)\n    at async NeonHttpPreparedQuery.execute (file:///C:/Users/ARKA%20MALLIK/OneDrive/%E3%83%89%E3%82%AD%E3%83%A5%E3%83%A1%E3%83%B3%E3%83%88/Desktop/acquisitions/node_modules/drizzle-orm/neon-http/session.js:45:20)\n    at async createUser (file:///C:/Users/ARKA%20MALLIK/OneDrive/%E3%83%89%E3%82%AD%E3%83%A5%E3%83%A1%E3%83%B3%E3%83%88/Desktop/acquisitions/src/services/auth.service.js:18:26)\n    at async signup (file:///C:/Users/ARKA%20MALLIK/OneDrive/%E3%83%89%E3%82%AD%E3%83%A5%E3%83%A1%E3%83%B3%E3%83%88/Desktop/acquisitions/src/controllers/auth.controller.js:20:18)"}
{"cause":{"code":"42703","file":"parse_relation.c","line":"3716","name":"NeonDbError","position":"31","routine":"errorMissingColumn","severity":"ERROR"},"level":"error","message":"Error in signup controller: Failed query: select \"id\", \"name\", \"email\", \"password_hash\", \"role\", \"created_at\", \"updated_at\" from \"users\" where \"users\".\"email\" = $1 limit $2\nparams: contact@arkamallik5.com,1","params":["contact@arkamallik5.com",1],"query":"select \"id\", \"name\", \"email\", \"password_hash\", \"role\", \"created_at\", \"updated_at\" from \"users\" where \"users\".\"email\" = $1 limit $2","service":"acquisitions-api","stack":"Error: Failed query: select \"id\", \"name\", \"email\", \"password_hash\", \"role\", \"created_at\", \"updated_at\" from \"users\" where \"users\".\"email\" = $1 limit $2\nparams: contact@arkamallik5.com,1\n    at NeonHttpPreparedQuery.queryWithCache (file:///C:/Users/ARKA%20MALLIK/OneDrive/%E3%83%89%E3%82%AD%E3%83%A5%E3%83%A1%E3%83%B3%E3%83%88/Desktop/acquisitions/node_modules/drizzle-orm/pg-core/session.js:41:15)\n    at process.processTicksAndRejections (node:internal/process/task_queues:95:5)\n    at async NeonHttpPreparedQuery.execute (file:///C:/Users/ARKA%20MALLIK/OneDrive/%E3%83%89%E3%82%AD%E3%83%A5%E3%83%A1%E3%83%B3%E3%83%88/Desktop/acquisitions/node_modules/drizzle-orm/neon-http/session.js:45:20)\n    at async createUser (file:///C:/Users/ARKA%20MALLIK/OneDrive/%E3%83%89%E3%82%AD%E3%83%A5%E3%83%A1%E3%83%B3%E3%83%88/Desktop/acquisitions/src/services/auth.service.js:18:26)\n    at async signup (file:///C:/Users/ARKA%20MALLIK/OneDrive/%E3%83%89%E3%82%AD%E3%83%A5%E3%83%A1%E3%83%B3%E3%83%88/Desktop/acquisitions/src/controllers/auth.controller.js:20:18)"}
{"level":"info","message":"::1 - - [26/Mar/2026:16:24:51 +0000] \"POST /api/auth/sign-up HTTP/1.1\" 500 1343 \"-\" \"HTTPie\"","service":"acquisitions-api"}
{"cause":{"code":"42703","file":"parse_relation.c","line":"3716","name":"NeonDbError","position":"31","routine":"errorMissingColumn","severity":"ERROR"},"level":"error","message":"Error creating user: Failed query: select \"id\", \"name\", \"email\", \"password_hash\", \"role\", \"created_at\", \"updated_at\" from \"users\" where \"users\".\"email\" = $1 limit $2\nparams: contact@arkamallik5.com,1","params":["contact@arkamallik5.com",1],"query":"select \"id\", \"name\", \"email\", \"password_hash\", \"role\", \"created_at\", \"updated_at\" from \"users\" where \"users\".\"email\" = $1 limit $2","service":"acquisitions-api","stack":"Error: Failed query: select \"id\", \"name\", \"email\", \"password_hash\", \"role\", \"created_at\", \"updated_at\" from \"users\" where \"users\".\"email\" = $1 limit $2\nparams: contact@arkamallik5.com,1\n    at NeonHttpPreparedQuery.queryWithCache (file:///C:/Users/ARKA%20MALLIK/OneDrive/%E3%83%89%E3%82%AD%E3%83%A5%E3%83%A1%E3%83%B3%E3%83%88/Desktop/acquisitions/node_modules/drizzle-orm/pg-core/session.js:41:15)\n    at process.processTicksAndRejections (node:internal/process/task_queues:95:5)\n    at async NeonHttpPreparedQuery.execute (file:///C:/Users/ARKA%20MALLIK/OneDrive/%E3%83%89%E3%82%AD%E3%83%A5%E3%83%A1%E3%83%B3%E3%83%88/Desktop/acquisitions/node_modules/drizzle-orm/neon-http/session.js:45:20)\n    at async createUser (file:///C:/Users/ARKA%20MALLIK/OneDrive/%E3%83%89%E3%82%AD%E3%83%A5%E3%83%A1%E3%83%B3%E3%83%88/Desktop/acquisitions/src/services/auth.service.js:18:26)\n    at async signup (file:///C:/Users/ARKA%20MALLIK/OneDrive/%E3%83%89%E3%82%AD%E3%83%A5%E3%83%A1%E3%83%B3%E3%83%88/Desktop/acquisitions/src/controllers/auth.controller.js:20:18)"}
{"cause":{"code":"42703","file":"parse_relation.c","line":"3716","name":"NeonDbError","position":"31","routine":"errorMissingColumn","severity":"ERROR"},"level":"error","message":"Error in signup controller: Failed query: select \"id\", \"name\", \"email\", \"password_hash\", \"role\", \"created_at\", \"updated_at\" from \"users\" where \"users\".\"email\" = $1 limit $2\nparams: contact@arkamallik5.com,1","params":["contact@arkamallik5.com",1],"query":"select \"id\", \"name\", \"email\", \"password_hash\", \"role\", \"created_at\", \"updated_at\" from \"users\" where \"users\".\"email\" = $1 limit $2","service":"acquisitions-api","stack":"Error: Failed query: select \"id\", \"name\", \"email\", \"password_hash\", \"role\", \"created_at\", \"updated_at\" from \"users\" where \"users\".\"email\" = $1 limit $2\nparams: contact@arkamallik5.com,1\n    at NeonHttpPreparedQuery.queryWithCache (file:///C:/Users/ARKA%20MALLIK/OneDrive/%E3%83%89%E3%82%AD%E3%83%A5%E3%83%A1%E3%83%B3%E3%83%88/Desktop/acquisitions/node_modules/drizzle-orm/pg-core/session.js:41:15)\n    at process.processTicksAndRejections (node:internal/process/task_queues:95:5)\n    at async NeonHttpPreparedQuery.execute (file:///C:/Users/ARKA%20MALLIK/OneDrive/%E3%83%89%E3%82%AD%E3%83%A5%E3%83%A1%E3%83%B3%E3%83%88/Desktop/acquisitions/node_modules/drizzle-orm/neon-http/session.js:45:20)\n    at async createUser (file:///C:/Users/ARKA%20MALLIK/OneDrive/%E3%83%89%E3%82%AD%E3%83%A5%E3%83%A1%E3%83%B3%E3%83%88/Desktop/acquisitions/src/services/auth.service.js:18:26)\n    at async signup (file:///C:/Users/ARKA%20MALLIK/OneDrive/%E3%83%89%E3%82%AD%E3%83%A5%E3%83%A1%E3%83%B3%E3%83%88/Desktop/acquisitions/src/controllers/auth.controller.js:20:18)"}
{"level":"info","message":"::1 - - [26/Mar/2026:16:27:54 +0000] \"POST /api/auth/sign-up HTTP/1.1\" 500 1343 \"-\" \"HTTPie\"","service":"acquisitions-api"}
{"level":"info","message":"User contact@arkamallik5.com created successfully with ID 2","service":"acquisitions-api"}
{"level":"info","message":"User contact@arkamallik5.com signed up successfully","service":"acquisitions-api"}
{"level":"info","message":"::1 - - [26/Mar/2026:16:30:26 +0000] \"POST /api/auth/sign-up HTTP/1.1\" 201 110 \"-\" \"HTTPie\"","service":"acquisitions-api"}
{"level":"info","message":"Server listening on http://localhost:3000","service":"acquisitions-api"}
{"level":"info","message":"Server listening on http://localhost:3000","service":"acquisitions-api"}
{"level":"info","message":"Server listening on http://localhost:3000","service":"acquisitions-api"}
{"level":"info","message":"Server listening on http://localhost:3000","service":"acquisitions-api"}
{"level":"info","message":"Server listening on http://localhost:3000","service":"acquisitions-api"}
{"level":"info","message":"Server listening on http://localhost:3000","service":"acquisitions-api"}
{"level":"info","message":"Server listening on http://localhost:3000","service":"acquisitions-api"}
{"level":"info","message":"Server listening on http://localhost:3000","service":"acquisitions-api"}
{"level":"info","message":"Server listening on http://localhost:3000","service":"acquisitions-api"}
{"level":"info","message":"Server listening on http://localhost:3000","service":"acquisitions-api"}
{"level":"info","message":"Server listening on http://localhost:3000","service":"acquisitions-api"}
{"level":"info","message":"Server listening on http://localhost:3000","service":"acquisitions-api"}
{"level":"info","message":"Server listening on http://localhost:3000","service":"acquisitions-api"}
{"level":"info","message":"Server listening on http://localhost:3000","service":"acquisitions-api"}
{"level":"info","message":"Server listening on http://localhost:3000","service":"acquisitions-api"}
{"level":"info","message":"Server listening on http://localhost:3000","service":"acquisitions-api"}
{"level":"info","message":"Server listening on http://localhost:3000","service":"acquisitions-api"}
{"level":"info","message":"User contact@arkamallik5.com logged in successfully","service":"acquisitions-api"}
{"level":"info","message":"::1 - - [27/Mar/2026:16:55:38 +0000] \"POST /api/auth/sign-in HTTP/1.1\" 200 99 \"-\" \"HTTPie\"","service":"acquisitions-api"}
{"level":"info","message":"::1 - - [27/Mar/2026:16:56:05 +0000] \"POST /api/auth/login HTTP/1.1\" 404 154 \"-\" \"HTTPie\"","service":"acquisitions-api"}
{"level":"info","message":"::1 - - [27/Mar/2026:16:56:06 +0000] \"POST /api/auth/login HTTP/1.1\" 404 154 \"-\" \"HTTPie\"","service":"acquisitions-api"}
{"level":"info","message":"::1 - - [27/Mar/2026:16:56:07 +0000] \"POST /api/auth/login HTTP/1.1\" 404 154 \"-\" \"HTTPie\"","service":"acquisitions-api"}
{"level":"info","message":"::1 - - [27/Mar/2026:16:56:07 +0000] \"POST /api/auth/login HTTP/1.1\" 404 154 \"-\" \"HTTPie\"","service":"acquisitions-api"}
{"level":"info","message":"User contact@arkamallik5.com logged in successfully","service":"acquisitions-api"}
{"level":"info","message":"::1 - - [27/Mar/2026:16:56:12 +0000] \"POST /api/auth/sign-in HTTP/1.1\" 200 99 \"-\" \"HTTPie\"","service":"acquisitions-api"}
{"level":"info","message":"::1 - - [27/Mar/2026:16:57:25 +0000] \"POST /api/auth/sign-out HTTP/1.1\" 200 37 \"-\" \"HTTPie\"","service":"acquisitions-api"}
{"level":"info","message":"Server listening on http://localhost:3000","service":"acquisitions-api"}
{"level":"info","message":"Server listening on http://localhost:3000","service":"acquisitions-api"}
{"level":"info","message":"::1 - - [28/Mar/2026:08:13:05 +0000] \"GET /health HTTP/1.1\" 500 35 \"-\" \"HTTPie\"","service":"acquisitions-api"}
{"level":"info","message":"Server listening on http://localhost:3000","service":"acquisitions-api"}
{"level":"info","message":"::1 - - [28/Mar/2026:08:13:07 +0000] \"GET /health HTTP/1.1\" 500 35 \"-\" \"HTTPie\"","service":"acquisitions-api"}
{"level":"info","message":"::1 - - [28/Mar/2026:08:13:12 +0000] \"GET /health HTTP/1.1\" 500 35 \"-\" \"HTTPie\"","service":"acquisitions-api"}
{"level":"info","message":"::1 - - [28/Mar/2026:08:13:13 +0000] \"GET /health HTTP/1.1\" 500 35 \"-\" \"HTTPie\"","service":"acquisitions-api"}
{"level":"info","message":"::1 - - [28/Mar/2026:08:13:53 +0000] \"GET /health HTTP/1.1\" 500 35 \"-\" \"HTTPie\"","service":"acquisitions-api"}
{"level":"info","message":"::1 - - [28/Mar/2026:08:13:54 +0000] \"GET /health HTTP/1.1\" 500 35 \"-\" \"HTTPie\"","service":"acquisitions-api"}
{"level":"info","message":"::1 - - [28/Mar/2026:08:13:54 +0000] \"GET /health HTTP/1.1\" 500 35 \"-\" \"HTTPie\"","service":"acquisitions-api"}
{"level":"info","message":"::1 - - [28/Mar/2026:08:13:55 +0000] \"GET /health HTTP/1.1\" 500 35 \"-\" \"HTTPie\"","service":"acquisitions-api"}
{"level":"info","message":"Server listening on http://localhost:3000","service":"acquisitions-api"}
{"level":"info","message":"Server listening on http://localhost:3000","service":"acquisitions-api"}
{"level":"info","message":"Server listening on http://localhost:3000","service":"acquisitions-api"}
{"level":"info","message":"::1 - - [28/Mar/2026:08:59:10 +0000] \"GET /health HTTP/1.1\" 200 73 \"-\" \"HTTPie\"","service":"acquisitions-api"}
{"level":"info","message":"Server listening on http://localhost:3000","service":"acquisitions-api"}
{"level":"info","message":"Server listening on http://localhost:3000","service":"acquisitions-api"}
{"level":"info","message":"Server listening on http://localhost:3000","service":"acquisitions-api"}
{"level":"info","message":"Server listening on http://localhost:3000","service":"acquisitions-api"}
{"level":"info","message":"::1 - - [28/Mar/2026:14:56:36 +0000] \"GET /health HTTP/1.1\" 200 76 \"-\" \"HTTPie\"","service":"acquisitions-api"}
{"level":"info","message":"Server listening on http://localhost:3000","service":"acquisitions-api"}
{"level":"info","message":"::1 - - [28/Mar/2026:14:56:40 +0000] \"GET /health HTTP/1.1\" 200 73 \"-\" \"HTTPie\"","service":"acquisitions-api"}
{"level":"info","message":"::1 - - [28/Mar/2026:14:56:41 +0000] \"GET /health HTTP/1.1\" 200 73 \"-\" \"HTTPie\"","service":"acquisitions-api"}
{"level":"info","message":"::1 - - [28/Mar/2026:14:56:41 +0000] \"GET /health HTTP/1.1\" 200 73 \"-\" \"HTTPie\"","service":"acquisitions-api"}
{"level":"info","message":"::1 - - [28/Mar/2026:14:56:41 +0000] \"GET /health HTTP/1.1\" 200 73 \"-\" \"HTTPie\"","service":"acquisitions-api"}
{"level":"info","message":"::1 - - [28/Mar/2026:14:56:41 +0000] \"GET /health HTTP/1.1\" 200 73 \"-\" \"HTTPie\"","service":"acquisitions-api"}
{"level":"info","message":"::1 - - [28/Mar/2026:14:56:41 +0000] \"GET /health HTTP/1.1\" 200 73 \"-\" \"HTTPie\"","service":"acquisitions-api"}
{"level":"info","message":"::1 - - [28/Mar/2026:14:56:42 +0000] \"GET /health HTTP/1.1\" 200 73 \"-\" \"HTTPie\"","service":"acquisitions-api"}
{"level":"info","message":"::1 - - [28/Mar/2026:14:56:42 +0000] \"GET /health HTTP/1.1\" 200 73 \"-\" \"HTTPie\"","service":"acquisitions-api"}
{"level":"info","message":"::1 - - [28/Mar/2026:14:56:42 +0000] \"GET /health HTTP/1.1\" 200 73 \"-\" \"HTTPie\"","service":"acquisitions-api"}
{"level":"info","message":"::1 - - [28/Mar/2026:14:56:42 +0000] \"GET /health HTTP/1.1\" 200 72 \"-\" \"HTTPie\"","service":"acquisitions-api"}
{"level":"info","message":"::1 - - [28/Mar/2026:14:56:42 +0000] \"GET /health HTTP/1.1\" 200 73 \"-\" \"HTTPie\"","service":"acquisitions-api"}
{"level":"info","message":"::1 - - [28/Mar/2026:14:56:43 +0000] \"GET /health HTTP/1.1\" 200 73 \"-\" \"HTTPie\"","service":"acquisitions-api"}
{"level":"info","message":"::1 - - [28/Mar/2026:14:56:45 +0000] \"GET /health HTTP/1.1\" 200 73 \"-\" \"HTTPie\"","service":"acquisitions-api"}
{"level":"info","message":"::1 - - [28/Mar/2026:14:56:45 +0000] \"GET /health HTTP/1.1\" 200 73 \"-\" \"HTTPie\"","service":"acquisitions-api"}
{"level":"info","message":"::1 - - [28/Mar/2026:14:56:45 +0000] \"GET /health HTTP/1.1\" 200 73 \"-\" \"HTTPie\"","service":"acquisitions-api"}
{"level":"info","message":"::1 - - [28/Mar/2026:14:56:45 +0000] \"GET /health HTTP/1.1\" 200 73 \"-\" \"HTTPie\"","service":"acquisitions-api"}
{"level":"info","message":"::1 - - [28/Mar/2026:14:56:45 +0000] \"GET /health HTTP/1.1\" 200 73 \"-\" \"HTTPie\"","service":"acquisitions-api"}
{"level":"info","message":"::1 - - [28/Mar/2026:14:56:46 +0000] \"GET /health HTTP/1.1\" 200 73 \"-\" \"HTTPie\"","service":"acquisitions-api"}
{"level":"info","message":"::1 - - [28/Mar/2026:14:56:46 +0000] \"GET /health HTTP/1.1\" 200 73 \"-\" \"HTTPie\"","service":"acquisitions-api"}
{"level":"info","message":"::1 - - [28/Mar/2026:14:56:46 +0000] \"GET /health HTTP/1.1\" 200 73 \"-\" \"HTTPie\"","service":"acquisitions-api"}
{"level":"info","message":"::1 - - [28/Mar/2026:14:56:46 +0000] \"GET /health HTTP/1.1\" 200 73 \"-\" \"HTTPie\"","service":"acquisitions-api"}
{"level":"info","message":"::1 - - [28/Mar/2026:14:56:47 +0000] \"GET /health HTTP/1.1\" 200 73 \"-\" \"HTTPie\"","service":"acquisitions-api"}
{"level":"info","message":"::1 - - [28/Mar/2026:14:56:47 +0000] \"GET /health HTTP/1.1\" 200 74 \"-\" \"HTTPie\"","service":"acquisitions-api"}
{"level":"info","message":"::1 - - [28/Mar/2026:14:56:47 +0000] \"GET /health HTTP/1.1\" 200 74 \"-\" \"HTTPie\"","service":"acquisitions-api"}
{"level":"info","message":"::1 - - [28/Mar/2026:14:56:47 +0000] \"GET /health HTTP/1.1\" 200 74 \"-\" \"HTTPie\"","service":"acquisitions-api"}
{"level":"info","message":"::1 - - [28/Mar/2026:14:56:48 +0000] \"GET /health HTTP/1.1\" 200 74 \"-\" \"HTTPie\"","service":"acquisitions-api"}
{"level":"info","message":"::1 - - [28/Mar/2026:14:56:49 +0000] \"GET /health HTTP/1.1\" 200 74 \"-\" \"HTTPie\"","service":"acquisitions-api"}
{"level":"info","message":"::1 - - [28/Mar/2026:14:56:49 +0000] \"GET /health HTTP/1.1\" 200 74 \"-\" \"HTTPie\"","service":"acquisitions-api"}
{"level":"info","message":"::1 - - [28/Mar/2026:14:56:49 +0000] \"GET /health HTTP/1.1\" 200 74 \"-\" \"HTTPie\"","service":"acquisitions-api"}
{"level":"info","message":"::1 - - [28/Mar/2026:14:56:49 +0000] \"GET /health HTTP/1.1\" 200 74 \"-\" \"HTTPie\"","service":"acquisitions-api"}
{"level":"info","message":"::1 - - [28/Mar/2026:14:56:49 +0000] \"GET /health HTTP/1.1\" 200 74 \"-\" \"HTTPie\"","service":"acquisitions-api"}
{"level":"info","message":"::1 - - [28/Mar/2026:14:56:49 +0000] \"GET /health HTTP/1.1\" 200 74 \"-\" \"HTTPie\"","service":"acquisitions-api"}
{"level":"info","message":"::1 - - [28/Mar/2026:14:56:49 +0000] \"GET /health HTTP/1.1\" 200 74 \"-\" \"HTTPie\"","service":"acquisitions-api"}
{"level":"info","message":"::1 - - [28/Mar/2026:14:56:50 +0000] \"GET /health HTTP/1.1\" 200 74 \"-\" \"HTTPie\"","service":"acquisitions-api"}
{"level":"info","message":"::1 - - [28/Mar/2026:14:56:50 +0000] \"GET /health HTTP/1.1\" 200 74 \"-\" \"HTTPie\"","service":"acquisitions-api"}
{"level":"info","message":"::1 - - [28/Mar/2026:14:56:50 +0000] \"GET /health HTTP/1.1\" 200 74 \"-\" \"HTTPie\"","service":"acquisitions-api"}
{"level":"info","message":"::1 - - [28/Mar/2026:14:56:50 +0000] \"GET /health HTTP/1.1\" 200 74 \"-\" \"HTTPie\"","service":"acquisitions-api"}
{"level":"info","message":"::1 - - [28/Mar/2026:14:56:50 +0000] \"GET /health HTTP/1.1\" 200 74 \"-\" \"HTTPie\"","service":"acquisitions-api"}
{"level":"info","message":"::1 - - [28/Mar/2026:14:56:50 +0000] \"GET /health HTTP/1.1\" 200 74 \"-\" \"HTTPie\"","service":"acquisitions-api"}
{"level":"info","message":"::1 - - [28/Mar/2026:14:56:51 +0000] \"GET /health HTTP/1.1\" 200 74 \"-\" \"HTTPie\"","service":"acquisitions-api"}
{"level":"info","message":"::1 - - [28/Mar/2026:14:56:51 +0000] \"GET /health HTTP/1.1\" 200 74 \"-\" \"HTTPie\"","service":"acquisitions-api"}
{"level":"info","message":"::1 - - [28/Mar/2026:14:56:51 +0000] \"GET /health HTTP/1.1\" 200 74 \"-\" \"HTTPie\"","service":"acquisitions-api"}
{"level":"info","message":"::1 - - [28/Mar/2026:14:56:51 +0000] \"GET /health HTTP/1.1\" 200 74 \"-\" \"HTTPie\"","service":"acquisitions-api"}
{"level":"info","message":"::1 - - [28/Mar/2026:14:56:51 +0000] \"GET /health HTTP/1.1\" 200 74 \"-\" \"HTTPie\"","service":"acquisitions-api"}
{"level":"info","message":"::1 - - [28/Mar/2026:14:56:51 +0000] \"GET /health HTTP/1.1\" 200 74 \"-\" \"HTTPie\"","service":"acquisitions-api"}
{"level":"info","message":"::1 - - [28/Mar/2026:14:56:51 +0000] \"GET /health HTTP/1.1\" 200 74 \"-\" \"HTTPie\"","service":"acquisitions-api"}
{"level":"info","message":"::1 - - [28/Mar/2026:14:56:52 +0000] \"GET /health HTTP/1.1\" 200 74 \"-\" \"HTTPie\"","service":"acquisitions-api"}
{"level":"info","message":"::1 - - [28/Mar/2026:14:56:52 +0000] \"GET /health HTTP/1.1\" 200 74 \"-\" \"HTTPie\"","service":"acquisitions-api"}
{"level":"info","message":"::1 - - [28/Mar/2026:14:56:52 +0000] \"GET /health HTTP/1.1\" 200 74 \"-\" \"HTTPie\"","service":"acquisitions-api"}
{"level":"info","message":"::1 - - [28/Mar/2026:14:56:52 +0000] \"GET /health HTTP/1.1\" 200 74 \"-\" \"HTTPie\"","service":"acquisitions-api"}
{"level":"info","message":"::1 - - [28/Mar/2026:14:56:52 +0000] \"GET /health HTTP/1.1\" 200 74 \"-\" \"HTTPie\"","service":"acquisitions-api"}
{"level":"info","message":"::1 - - [28/Mar/2026:14:56:52 +0000] \"GET /health HTTP/1.1\" 200 74 \"-\" \"HTTPie\"","service":"acquisitions-api"}
{"level":"info","message":"::1 - - [28/Mar/2026:14:56:53 +0000] \"GET /health HTTP/1.1\" 200 73 \"-\" \"HTTPie\"","service":"acquisitions-api"}
{"level":"info","message":"::1 - - [28/Mar/2026:14:56:53 +0000] \"GET /health HTTP/1.1\" 200 74 \"-\" \"HTTPie\"","service":"acquisitions-api"}
{"level":"info","message":"::1 - - [28/Mar/2026:14:56:53 +0000] \"GET /health HTTP/1.1\" 200 74 \"-\" \"HTTPie\"","service":"acquisitions-api"}
{"level":"info","message":"::1 - - [28/Mar/2026:14:56:53 +0000] \"GET /health HTTP/1.1\" 200 74 \"-\" \"HTTPie\"","service":"acquisitions-api"}
{"level":"info","message":"::1 - - [28/Mar/2026:14:56:53 +0000] \"GET /health HTTP/1.1\" 200 74 \"-\" \"HTTPie\"","service":"acquisitions-api"}
{"level":"info","message":"::1 - - [28/Mar/2026:14:56:53 +0000] \"GET /health HTTP/1.1\" 200 74 \"-\" \"HTTPie\"","service":"acquisitions-api"}
{"level":"info","message":"::1 - - [28/Mar/2026:14:56:54 +0000] \"GET /health HTTP/1.1\" 200 74 \"-\" \"HTTPie\"","service":"acquisitions-api"}
{"level":"info","message":"::1 - - [28/Mar/2026:14:56:54 +0000] \"GET /health HTTP/1.1\" 200 74 \"-\" \"HTTPie\"","service":"acquisitions-api"}
{"level":"info","message":"::1 - - [28/Mar/2026:14:56:54 +0000] \"GET /health HTTP/1.1\" 200 74 \"-\" \"HTTPie\"","service":"acquisitions-api"}
{"level":"info","message":"::1 - - [28/Mar/2026:14:56:54 +0000] \"GET /health HTTP/1.1\" 200 74 \"-\" \"HTTPie\"","service":"acquisitions-api"}
{"level":"info","message":"::1 - - [28/Mar/2026:14:56:54 +0000] \"GET /health HTTP/1.1\" 200 73 \"-\" \"HTTPie\"","service":"acquisitions-api"}
{"level":"info","message":"::1 - - [28/Mar/2026:14:56:54 +0000] \"GET /health HTTP/1.1\" 200 74 \"-\" \"HTTPie\"","service":"acquisitions-api"}
{"level":"info","message":"::1 - - [28/Mar/2026:14:56:55 +0000] \"GET /health HTTP/1.1\" 200 74 \"-\" \"HTTPie\"","service":"acquisitions-api"}
{"level":"info","message":"::1 - - [28/Mar/2026:14:56:55 +0000] \"GET /health HTTP/1.1\" 200 73 \"-\" \"HTTPie\"","service":"acquisitions-api"}
{"level":"info","message":"::1 - - [28/Mar/2026:14:56:55 +0000] \"GET /health HTTP/1.1\" 200 72 \"-\" \"HTTPie\"","service":"acquisitions-api"}
{"level":"info","message":"::1 - - [28/Mar/2026:14:56:55 +0000] \"GET /health HTTP/1.1\" 200 74 \"-\" \"HTTPie\"","service":"acquisitions-api"}
{"level":"info","message":"::1 - - [28/Mar/2026:14:56:55 +0000] \"GET /health HTTP/1.1\" 200 74 \"-\" \"HTTPie\"","service":"acquisitions-api"}
{"level":"info","message":"::1 - - [28/Mar/2026:14:56:55 +0000] \"GET /health HTTP/1.1\" 200 74 \"-\" \"HTTPie\"","service":"acquisitions-api"}
{"level":"info","message":"::1 - - [28/Mar/2026:14:56:56 +0000] \"GET /health HTTP/1.1\" 200 74 \"-\" \"HTTPie\"","service":"acquisitions-api"}
{"level":"info","message":"::1 - - [28/Mar/2026:14:56:56 +0000] \"GET /health HTTP/1.1\" 200 74 \"-\" \"HTTPie\"","service":"acquisitions-api"}
{"level":"info","message":"::1 - - [28/Mar/2026:14:56:56 +0000] \"GET /health HTTP/1.1\" 200 74 \"-\" \"HTTPie\"","service":"acquisitions-api"}
{"level":"info","message":"::1 - - [28/Mar/2026:14:56:56 +0000] \"GET /health HTTP/1.1\" 200 73 \"-\" \"HTTPie\"","service":"acquisitions-api"}
{"level":"info","message":"::1 - - [28/Mar/2026:14:56:56 +0000] \"GET /health HTTP/1.1\" 200 74 \"-\" \"HTTPie\"","service":"acquisitions-api"}
{"level":"info","message":"::1 - - [28/Mar/2026:14:56:57 +0000] \"GET /health HTTP/1.1\" 200 74 \"-\" \"HTTPie\"","service":"acquisitions-api"}
{"level":"info","message":"::1 - - [28/Mar/2026:14:56:57 +0000] \"GET /health HTTP/1.1\" 200 74 \"-\" \"HTTPie\"","service":"acquisitions-api"}
{"level":"info","message":"::1 - - [28/Mar/2026:14:56:57 +0000] \"GET /health HTTP/1.1\" 200 74 \"-\" \"HTTPie\"","service":"acquisitions-api"}
{"level":"info","message":"::1 - - [28/Mar/2026:14:56:57 +0000] \"GET /health HTTP/1.1\" 200 74 \"-\" \"HTTPie\"","service":"acquisitions-api"}
{"level":"info","message":"::1 - - [28/Mar/2026:14:56:57 +0000] \"GET /health HTTP/1.1\" 200 74 \"-\" \"HTTPie\"","service":"acquisitions-api"}
{"level":"info","message":"::1 - - [28/Mar/2026:14:56:57 +0000] \"GET /health HTTP/1.1\" 200 74 \"-\" \"HTTPie\"","service":"acquisitions-api"}
{"level":"info","message":"::1 - - [28/Mar/2026:14:56:58 +0000] \"GET /health HTTP/1.1\" 200 74 \"-\" \"HTTPie\"","service":"acquisitions-api"}
{"level":"info","message":"::1 - - [28/Mar/2026:14:56:58 +0000] \"GET /health HTTP/1.1\" 200 74 \"-\" \"HTTPie\"","service":"acquisitions-api"}
{"level":"info","message":"::1 - - [28/Mar/2026:14:56:58 +0000] \"GET /health HTTP/1.1\" 200 74 \"-\" \"HTTPie\"","service":"acquisitions-api"}
{"level":"info","message":"::1 - - [28/Mar/2026:14:56:58 +0000] \"GET /health HTTP/1.1\" 200 74 \"-\" \"HTTPie\"","service":"acquisitions-api"}
{"level":"info","message":"::1 - - [28/Mar/2026:14:56:59 +0000] \"GET /health HTTP/1.1\" 200 74 \"-\" \"HTTPie\"","service":"acquisitions-api"}
{"level":"info","message":"::1 - - [28/Mar/2026:14:56:59 +0000] \"GET /health HTTP/1.1\" 200 74 \"-\" \"HTTPie\"","service":"acquisitions-api"}
{"level":"info","message":"::1 - - [28/Mar/2026:14:56:59 +0000] \"GET /health HTTP/1.1\" 200 74 \"-\" \"HTTPie\"","service":"acquisitions-api"}
{"level":"info","message":"::1 - - [28/Mar/2026:14:56:59 +0000] \"GET /health HTTP/1.1\" 200 74 \"-\" \"HTTPie\"","service":"acquisitions-api"}
{"level":"info","message":"::1 - - [28/Mar/2026:14:57:00 +0000] \"GET /health HTTP/1.1\" 200 74 \"-\" \"HTTPie\"","service":"acquisitions-api"}
{"level":"info","message":"::1 - - [28/Mar/2026:14:57:01 +0000] \"GET /health HTTP/1.1\" 200 74 \"-\" \"HTTPie\"","service":"acquisitions-api"}
{"level":"info","message":"::1 - - [28/Mar/2026:14:57:01 +0000] \"GET /health HTTP/1.1\" 200 74 \"-\" \"HTTPie\"","service":"acquisitions-api"}
{"level":"info","message":"::1 - - [28/Mar/2026:14:57:01 +0000] \"GET /health HTTP/1.1\" 200 74 \"-\" \"HTTPie\"","service":"acquisitions-api"}
{"level":"info","message":"::1 - - [28/Mar/2026:14:57:02 +0000] \"GET /health HTTP/1.1\" 200 74 \"-\" \"HTTPie\"","service":"acquisitions-api"}
{"level":"info","message":"::1 - - [28/Mar/2026:14:57:02 +0000] \"GET /health HTTP/1.1\" 200 74 \"-\" \"HTTPie\"","service":"acquisitions-api"}
{"level":"info","message":"::1 - - [28/Mar/2026:14:57:03 +0000] \"GET /health HTTP/1.1\" 200 74 \"-\" \"HTTPie\"","service":"acquisitions-api"}
{"level":"info","message":"::1 - - [28/Mar/2026:14:57:03 +0000] \"GET /health HTTP/1.1\" 200 74 \"-\" \"HTTPie\"","service":"acquisitions-api"}
{"level":"info","message":"::1 - - [28/Mar/2026:14:57:03 +0000] \"GET /health HTTP/1.1\" 200 74 \"-\" \"HTTPie\"","service":"acquisitions-api"}
{"level":"info","message":"::1 - - [28/Mar/2026:14:57:03 +0000] \"GET /health HTTP/1.1\" 200 74 \"-\" \"HTTPie\"","service":"acquisitions-api"}
{"level":"info","message":"::1 - - [28/Mar/2026:14:57:03 +0000] \"GET /health HTTP/1.1\" 200 74 \"-\" \"HTTPie\"","service":"acquisitions-api"}
{"level":"info","message":"::1 - - [28/Mar/2026:14:57:03 +0000] \"GET /health HTTP/1.1\" 200 74 \"-\" \"HTTPie\"","service":"acquisitions-api"}
{"level":"info","message":"::1 - - [28/Mar/2026:14:57:04 +0000] \"GET /health HTTP/1.1\" 200 74 \"-\" \"HTTPie\"","service":"acquisitions-api"}
{"level":"info","message":"::1 - - [28/Mar/2026:14:57:04 +0000] \"GET /health HTTP/1.1\" 200 74 \"-\" \"HTTPie\"","service":"acquisitions-api"}
{"level":"info","message":"::1 - - [28/Mar/2026:14:57:04 +0000] \"GET /health HTTP/1.1\" 200 73 \"-\" \"HTTPie\"","service":"acquisitions-api"}
{"level":"info","message":"::1 - - [28/Mar/2026:14:57:04 +0000] \"GET /health HTTP/1.1\" 200 73 \"-\" \"HTTPie\"","service":"acquisitions-api"}
{"level":"info","message":"::1 - - [28/Mar/2026:14:57:04 +0000] \"GET /health HTTP/1.1\" 200 74 \"-\" \"HTTPie\"","service":"acquisitions-api"}
{"level":"info","message":"::1 - - [28/Mar/2026:14:57:05 +0000] \"GET /health HTTP/1.1\" 200 74 \"-\" \"HTTPie\"","service":"acquisitions-api"}
{"level":"info","message":"::1 - - [28/Mar/2026:14:57:05 +0000] \"GET /health HTTP/1.1\" 200 74 \"-\" \"HTTPie\"","service":"acquisitions-api"}
{"level":"info","message":"::1 - - [28/Mar/2026:14:57:05 +0000] \"GET /health HTTP/1.1\" 200 74 \"-\" \"HTTPie\"","service":"acquisitions-api"}
{"level":"info","message":"::1 - - [28/Mar/2026:14:57:05 +0000] \"GET /health HTTP/1.1\" 200 74 \"-\" \"HTTPie\"","service":"acquisitions-api"}
{"level":"info","message":"::1 - - [28/Mar/2026:14:57:05 +0000] \"GET /health HTTP/1.1\" 200 74 \"-\" \"HTTPie\"","service":"acquisitions-api"}
{"level":"info","message":"::1 - - [28/Mar/2026:14:57:06 +0000] \"GET /health HTTP/1.1\" 200 74 \"-\" \"HTTPie\"","service":"acquisitions-api"}
{"level":"info","message":"::1 - - [28/Mar/2026:14:57:06 +0000] \"GET /health HTTP/1.1\" 200 74 \"-\" \"HTTPie\"","service":"acquisitions-api"}
{"level":"info","message":"::1 - - [28/Mar/2026:14:57:06 +0000] \"GET /health HTTP/1.1\" 200 74 \"-\" \"HTTPie\"","service":"acquisitions-api"}
{"level":"info","message":"::1 - - [28/Mar/2026:14:57:06 +0000] \"GET /health HTTP/1.1\" 200 74 \"-\" \"HTTPie\"","service":"acquisitions-api"}
{"level":"info","message":"::1 - - [28/Mar/2026:14:57:07 +0000] \"GET /health HTTP/1.1\" 200 73 \"-\" \"HTTPie\"","service":"acquisitions-api"}
{"level":"info","message":"::1 - - [28/Mar/2026:14:57:07 +0000] \"GET /health HTTP/1.1\" 200 74 \"-\" \"HTTPie\"","service":"acquisitions-api"}
{"level":"info","message":"::1 - - [28/Mar/2026:14:57:07 +0000] \"GET /health HTTP/1.1\" 200 74 \"-\" \"HTTPie\"","service":"acquisitions-api"}
{"level":"info","message":"::1 - - [28/Mar/2026:14:57:07 +0000] \"GET /health HTTP/1.1\" 200 74 \"-\" \"HTTPie\"","service":"acquisitions-api"}
{"level":"info","message":"::1 - - [28/Mar/2026:14:57:07 +0000] \"GET /health HTTP/1.1\" 200 73 \"-\" \"HTTPie\"","service":"acquisitions-api"}
{"level":"info","message":"::1 - - [28/Mar/2026:14:57:08 +0000] \"GET /health HTTP/1.1\" 200 74 \"-\" \"HTTPie\"","service":"acquisitions-api"}
{"level":"info","message":"::1 - - [28/Mar/2026:14:57:08 +0000] \"GET /health HTTP/1.1\" 200 74 \"-\" \"HTTPie\"","service":"acquisitions-api"}
{"level":"info","message":"::1 - - [28/Mar/2026:14:57:08 +0000] \"GET /health HTTP/1.1\" 200 74 \"-\" \"HTTPie\"","service":"acquisitions-api"}
{"level":"info","message":"::1 - - [28/Mar/2026:14:57:08 +0000] \"GET /health HTTP/1.1\" 200 74 \"-\" \"HTTPie\"","service":"acquisitions-api"}
{"level":"info","message":"::1 - - [28/Mar/2026:14:57:08 +0000] \"GET /health HTTP/1.1\" 200 74 \"-\" \"HTTPie\"","service":"acquisitions-api"}
{"level":"info","message":"::1 - - [28/Mar/2026:14:57:09 +0000] \"GET /health HTTP/1.1\" 200 73 \"-\" \"HTTPie\"","service":"acquisitions-api"}
{"level":"info","message":"::1 - - [28/Mar/2026:14:57:09 +0000] \"GET /health HTTP/1.1\" 200 74 \"-\" \"HTTPie\"","service":"acquisitions-api"}
{"level":"info","message":"::1 - - [28/Mar/2026:14:57:09 +0000] \"GET /health HTTP/1.1\" 200 74 \"-\" \"HTTPie\"","service":"acquisitions-api"}
{"level":"info","message":"::1 - - [28/Mar/2026:14:57:09 +0000] \"GET /health HTTP/1.1\" 200 74 \"-\" \"HTTPie\"","service":"acquisitions-api"}
{"level":"info","message":"::1 - - [28/Mar/2026:14:57:09 +0000] \"GET /health HTTP/1.1\" 200 73 \"-\" \"HTTPie\"","service":"acquisitions-api"}
{"level":"info","message":"::1 - - [28/Mar/2026:14:57:09 +0000] \"GET /health HTTP/1.1\" 200 74 \"-\" \"HTTPie\"","service":"acquisitions-api"}
{"level":"info","message":"::1 - - [28/Mar/2026:14:57:10 +0000] \"GET /health HTTP/1.1\" 200 74 \"-\" \"HTTPie\"","service":"acquisitions-api"}
{"level":"info","message":"::1 - - [28/Mar/2026:14:57:10 +0000] \"GET /health HTTP/1.1\" 200 74 \"-\" \"HTTPie\"","service":"acquisitions-api"}
{"level":"info","message":"::1 - - [28/Mar/2026:14:57:10 +0000] \"GET /health HTTP/1.1\" 200 74 \"-\" \"HTTPie\"","service":"acquisitions-api"}
{"level":"info","message":"::1 - - [28/Mar/2026:14:57:16 +0000] \"GET /health HTTP/1.1\" 200 74 \"-\" \"HTTPie\"","service":"acquisitions-api"}
{"level":"info","message":"::1 - - [28/Mar/2026:14:57:16 +0000] \"GET /health HTTP/1.1\" 200 74 \"-\" \"HTTPie\"","service":"acquisitions-api"}
{"level":"info","message":"::1 - - [28/Mar/2026:14:57:17 +0000] \"GET /health HTTP/1.1\" 200 74 \"-\" \"HTTPie\"","service":"acquisitions-api"}
{"level":"info","message":"::1 - - [28/Mar/2026:14:57:17 +0000] \"GET /health HTTP/1.1\" 200 74 \"-\" \"HTTPie\"","service":"acquisitions-api"}
{"level":"info","message":"::1 - - [28/Mar/2026:14:57:17 +0000] \"GET /health HTTP/1.1\" 200 74 \"-\" \"HTTPie\"","service":"acquisitions-api"}
{"level":"info","message":"::1 - - [28/Mar/2026:14:57:17 +0000] \"GET /health HTTP/1.1\" 200 73 \"-\" \"HTTPie\"","service":"acquisitions-api"}
{"level":"info","message":"::1 - - [28/Mar/2026:14:57:17 +0000] \"GET /health HTTP/1.1\" 200 74 \"-\" \"HTTPie\"","service":"acquisitions-api"}
{"level":"info","message":"::1 - - [28/Mar/2026:14:57:18 +0000] \"GET /health HTTP/1.1\" 200 74 \"-\" \"HTTPie\"","service":"acquisitions-api"}
{"level":"info","message":"::1 - - [28/Mar/2026:14:57:18 +0000] \"GET /health HTTP/1.1\" 200 73 \"-\" \"HTTPie\"","service":"acquisitions-api"}
{"level":"info","message":"::1 - - [28/Mar/2026:14:57:18 +0000] \"GET /health HTTP/1.1\" 200 74 \"-\" \"HTTPie\"","service":"acquisitions-api"}
{"level":"info","message":"::1 - - [28/Mar/2026:14:57:18 +0000] \"GET /health HTTP/1.1\" 200 74 \"-\" \"HTTPie\"","service":"acquisitions-api"}
{"level":"info","message":"::1 - - [28/Mar/2026:14:57:18 +0000] \"GET /health HTTP/1.1\" 200 74 \"-\" \"HTTPie\"","service":"acquisitions-api"}
{"level":"info","message":"::1 - - [28/Mar/2026:14:57:19 +0000] \"GET /health HTTP/1.1\" 200 74 \"-\" \"HTTPie\"","service":"acquisitions-api"}
{"level":"info","message":"::1 - - [28/Mar/2026:14:57:19 +0000] \"GET /health HTTP/1.1\" 200 73 \"-\" \"HTTPie\"","service":"acquisitions-api"}
{"level":"info","message":"::1 - - [28/Mar/2026:14:57:19 +0000] \"GET /health HTTP/1.1\" 200 74 \"-\" \"HTTPie\"","service":"acquisitions-api"}
{"level":"info","message":"::1 - - [28/Mar/2026:14:57:19 +0000] \"GET /health HTTP/1.1\" 200 74 \"-\" \"HTTPie\"","service":"acquisitions-api"}
{"level":"info","message":"::1 - - [28/Mar/2026:14:57:19 +0000] \"GET /health HTTP/1.1\" 200 74 \"-\" \"HTTPie\"","service":"acquisitions-api"}
{"level":"info","message":"::1 - - [28/Mar/2026:14:57:19 +0000] \"GET /health HTTP/1.1\" 200 74 \"-\" \"HTTPie\"","service":"acquisitions-api"}
{"level":"info","message":"::1 - - [28/Mar/2026:14:57:19 +0000] \"GET /health HTTP/1.1\" 200 74 \"-\" \"HTTPie\"","service":"acquisitions-api"}
{"level":"info","message":"::1 - - [28/Mar/2026:14:57:20 +0000] \"GET /health HTTP/1.1\" 200 74 \"-\" \"HTTPie\"","service":"acquisitions-api"}
{"level":"info","message":"::1 - - [28/Mar/2026:14:58:09 +0000] \"GET /api/auth/sign-up HTTP/1.1\" 500 35 \"-\" \"HTTPie\"","service":"acquisitions-api"}
{"level":"info","message":"::1 - - [28/Mar/2026:14:58:11 +0000] \"GET /api/auth/sign-up HTTP/1.1\" 500 35 \"-\" \"HTTPie\"","service":"acquisitions-api"}
{"level":"info","message":"::1 - - [28/Mar/2026:14:58:11 +0000] \"GET /api/auth/sign-up HTTP/1.1\" 500 35 \"-\" \"HTTPie\"","service":"acquisitions-api"}
{"level":"info","message":"::1 - - [28/Mar/2026:14:58:17 +0000] \"GET /api/auth/sign-in HTTP/1.1\" 500 35 \"-\" \"HTTPie\"","service":"acquisitions-api"}
{"level":"info","message":"::1 - - [28/Mar/2026:14:58:22 +0000] \"GET /health HTTP/1.1\" 200 74 \"-\" \"HTTPie\"","service":"acquisitions-api"}
{"level":"info","message":"::1 - - [28/Mar/2026:14:58:24 +0000] \"GET /health HTTP/1.1\" 200 75 \"-\" \"HTTPie\"","service":"acquisitions-api"}
{"level":"info","message":"::1 - - [28/Mar/2026:14:58:24 +0000] \"GET /health HTTP/1.1\" 200 75 \"-\" \"HTTPie\"","service":"acquisitions-api"}
{"level":"info","message":"::1 - - [28/Mar/2026:14:58:24 +0000] \"GET /health HTTP/1.1\" 200 75 \"-\" \"HTTPie\"","service":"acquisitions-api"}
{"level":"info","message":"::1 - - [28/Mar/2026:14:58:24 +0000] \"GET /health HTTP/1.1\" 200 75 \"-\" \"HTTPie\"","service":"acquisitions-api"}
{"level":"info","message":"::1 - - [28/Mar/2026:14:58:25 +0000] \"GET /health HTTP/1.1\" 200 75 \"-\" \"HTTPie\"","service":"acquisitions-api"}
{"level":"info","message":"::1 - - [28/Mar/2026:14:58:25 +0000] \"GET /health HTTP/1.1\" 200 75 \"-\" \"HTTPie\"","service":"acquisitions-api"}
{"level":"info","message":"::1 - - [28/Mar/2026:14:58:25 +0000] \"GET /health HTTP/1.1\" 200 75 \"-\" \"HTTPie\"","service":"acquisitions-api"}
{"level":"info","message":"::1 - - [28/Mar/2026:14:58:25 +0000] \"GET /health HTTP/1.1\" 200 75 \"-\" \"HTTPie\"","service":"acquisitions-api"}
{"level":"info","message":"::1 - - [28/Mar/2026:14:58:25 +0000] \"GET /health HTTP/1.1\" 200 75 \"-\" \"HTTPie\"","service":"acquisitions-api"}
{"level":"info","message":"::1 - - [28/Mar/2026:14:58:25 +0000] \"GET /health HTTP/1.1\" 200 75 \"-\" \"HTTPie\"","service":"acquisitions-api"}
{"level":"info","message":"::1 - - [28/Mar/2026:14:58:25 +0000] \"GET /health HTTP/1.1\" 200 75 \"-\" \"HTTPie\"","service":"acquisitions-api"}
{"level":"info","message":"::1 - - [28/Mar/2026:14:58:26 +0000] \"GET /health HTTP/1.1\" 200 75 \"-\" \"HTTPie\"","service":"acquisitions-api"}
{"level":"info","message":"::1 - - [28/Mar/2026:14:58:26 +0000] \"GET /health HTTP/1.1\" 200 75 \"-\" \"HTTPie\"","service":"acquisitions-api"}
{"level":"info","message":"::1 - - [28/Mar/2026:14:58:26 +0000] \"GET /health HTTP/1.1\" 200 75 \"-\" \"HTTPie\"","service":"acquisitions-api"}
{"level":"info","message":"::1 - - [28/Mar/2026:14:58:26 +0000] \"GET /health HTTP/1.1\" 200 75 \"-\" \"HTTPie\"","service":"acquisitions-api"}
{"level":"info","message":"::1 - - [28/Mar/2026:14:58:26 +0000] \"GET /health HTTP/1.1\" 200 75 \"-\" \"HTTPie\"","service":"acquisitions-api"}
{"level":"info","message":"::1 - - [28/Mar/2026:14:58:26 +0000] \"GET /health HTTP/1.1\" 200 75 \"-\" \"HTTPie\"","service":"acquisitions-api"}
{"level":"info","message":"::1 - - [28/Mar/2026:14:58:27 +0000] \"GET /health HTTP/1.1\" 200 75 \"-\" \"HTTPie\"","service":"acquisitions-api"}
{"level":"info","message":"::1 - - [28/Mar/2026:14:58:27 +0000] \"GET /health HTTP/1.1\" 200 75 \"-\" \"HTTPie\"","service":"acquisitions-api"}
{"level":"info","message":"::1 - - [28/Mar/2026:14:58:27 +0000] \"GET /health HTTP/1.1\" 200 75 \"-\" \"HTTPie\"","service":"acquisitions-api"}
{"level":"info","message":"::1 - - [28/Mar/2026:14:58:27 +0000] \"GET /health HTTP/1.1\" 200 75 \"-\" \"HTTPie\"","service":"acquisitions-api"}
{"level":"info","message":"::1 - - [28/Mar/2026:14:58:27 +0000] \"GET /health HTTP/1.1\" 200 75 \"-\" \"HTTPie\"","service":"acquisitions-api"}
{"level":"info","message":"::1 - - [28/Mar/2026:14:58:48 +0000] \"POST /api/auth/sign-up HTTP/1.1\" 500 35 \"-\" \"HTTPie\"","service":"acquisitions-api"}
{"level":"info","message":"::1 - - [28/Mar/2026:14:58:49 +0000] \"POST /api/auth/sign-up HTTP/1.1\" 500 35 \"-\" \"HTTPie\"","service":"acquisitions-api"}
{"level":"info","message":"::1 - - [28/Mar/2026:14:58:50 +0000] \"POST /api/auth/sign-up HTTP/1.1\" 500 35 \"-\" \"HTTPie\"","service":"acquisitions-api"}
{"level":"info","message":"::1 - - [28/Mar/2026:14:58:54 +0000] \"POST /api/auth/sign-in HTTP/1.1\" 500 35 \"-\" \"HTTPie\"","service":"acquisitions-api"}
{"level":"info","message":"Server listening on http://localhost:3000","service":"acquisitions-api"}
{"level":"info","message":"Server listening on http://localhost:3000","service":"acquisitions-api"}
{"level":"info","message":"Server listening on http://localhost:3000","service":"acquisitions-api"}
{"level":"info","message":"Server listening on http://localhost:3000","service":"acquisitions-api"}
{"level":"info","message":"::1 - - [28/Mar/2026:15:07:23 +0000] \"POST /api/auth/sign-in HTTP/1.1\" 400 43 \"-\" \"HTTPie\"","service":"acquisitions-api"}
{"level":"info","message":"::1 - - [28/Mar/2026:15:07:26 +0000] \"POST /api/auth/sign-in HTTP/1.1\" 400 43 \"-\" \"HTTPie\"","service":"acquisitions-api"}
{"level":"info","message":"::1 - - [28/Mar/2026:15:07:30 +0000] \"POST /api/auth/sign-out HTTP/1.1\" 200 37 \"-\" \"HTTPie\"","service":"acquisitions-api"}
{"level":"info","message":"::1 - - [28/Mar/2026:15:08:56 +0000] \"POST /health HTTP/1.1\" 404 146 \"-\" \"HTTPie\"","service":"acquisitions-api"}
{"level":"info","message":"::1 - - [28/Mar/2026:15:08:58 +0000] \"POST /health HTTP/1.1\" 404 146 \"-\" \"HTTPie\"","service":"acquisitions-api"}
{"level":"info","message":"::1 - - [28/Mar/2026:15:08:58 +0000] \"POST /health HTTP/1.1\" 404 146 \"-\" \"HTTPie\"","service":"acquisitions-api"}
{"level":"info","message":"::1 - - [28/Mar/2026:15:08:59 +0000] \"POST /health HTTP/1.1\" 404 146 \"-\" \"HTTPie\"","service":"acquisitions-api"}
{"level":"info","message":"::1 - - [28/Mar/2026:15:08:59 +0000] \"POST /health HTTP/1.1\" 404 146 \"-\" \"HTTPie\"","service":"acquisitions-api"}
{"level":"info","message":"::1 - - [28/Mar/2026:15:08:59 +0000] \"POST /health HTTP/1.1\" 404 146 \"-\" \"HTTPie\"","service":"acquisitions-api"}
{"level":"info","message":"::1 - - [28/Mar/2026:15:08:59 +0000] \"POST /health HTTP/1.1\" 404 146 \"-\" \"HTTPie\"","service":"acquisitions-api"}
{"level":"info","message":"::1 - - [28/Mar/2026:15:09:00 +0000] \"POST /health HTTP/1.1\" 404 146 \"-\" \"HTTPie\"","service":"acquisitions-api"}
{"level":"info","message":"::1 - - [28/Mar/2026:15:09:00 +0000] \"POST /health HTTP/1.1\" 404 146 \"-\" \"HTTPie\"","service":"acquisitions-api"}
{"level":"info","message":"::1 - - [28/Mar/2026:15:09:00 +0000] \"POST /health HTTP/1.1\" 404 146 \"-\" \"HTTPie\"","service":"acquisitions-api"}
{"level":"info","message":"::1 - - [28/Mar/2026:15:09:00 +0000] \"POST /health HTTP/1.1\" 404 146 \"-\" \"HTTPie\"","service":"acquisitions-api"}
{"level":"info","message":"::1 - - [28/Mar/2026:15:09:00 +0000] \"POST /health HTTP/1.1\" 404 146 \"-\" \"HTTPie\"","service":"acquisitions-api"}
{"level":"info","message":"::1 - - [28/Mar/2026:15:09:00 +0000] \"POST /health HTTP/1.1\" 404 146 \"-\" \"HTTPie\"","service":"acquisitions-api"}
{"level":"info","message":"::1 - - [28/Mar/2026:15:09:01 +0000] \"POST /health HTTP/1.1\" 404 146 \"-\" \"HTTPie\"","service":"acquisitions-api"}
{"level":"info","message":"::1 - - [28/Mar/2026:15:09:01 +0000] \"POST /health HTTP/1.1\" 404 146 \"-\" \"HTTPie\"","service":"acquisitions-api"}
{"level":"info","message":"::1 - - [28/Mar/2026:15:09:01 +0000] \"POST /health HTTP/1.1\" 404 146 \"-\" \"HTTPie\"","service":"acquisitions-api"}
{"level":"info","message":"::1 - - [28/Mar/2026:15:09:01 +0000] \"POST /health HTTP/1.1\" 404 146 \"-\" \"HTTPie\"","service":"acquisitions-api"}
{"level":"info","message":"::1 - - [28/Mar/2026:15:09:01 +0000] \"POST /health HTTP/1.1\" 404 146 \"-\" \"HTTPie\"","service":"acquisitions-api"}
{"level":"info","message":"::1 - - [28/Mar/2026:15:09:01 +0000] \"POST /health HTTP/1.1\" 404 146 \"-\" \"HTTPie\"","service":"acquisitions-api"}
{"level":"info","message":"::1 - - [28/Mar/2026:15:09:02 +0000] \"POST /health HTTP/1.1\" 404 146 \"-\" \"HTTPie\"","service":"acquisitions-api"}
{"level":"info","message":"::1 - - [28/Mar/2026:15:09:02 +0000] \"POST /health HTTP/1.1\" 404 146 \"-\" \"HTTPie\"","service":"acquisitions-api"}
{"level":"info","message":"::1 - - [28/Mar/2026:15:09:02 +0000] \"POST /health HTTP/1.1\" 404 146 \"-\" \"HTTPie\"","service":"acquisitions-api"}
{"level":"info","message":"::1 - - [28/Mar/2026:15:09:02 +0000] \"POST /health HTTP/1.1\" 404 146 \"-\" \"HTTPie\"","service":"acquisitions-api"}
{"level":"info","message":"::1 - - [28/Mar/2026:15:09:02 +0000] \"POST /health HTTP/1.1\" 404 146 \"-\" \"HTTPie\"","service":"acquisitions-api"}
{"level":"info","message":"::1 - - [28/Mar/2026:15:09:03 +0000] \"POST /health HTTP/1.1\" 404 146 \"-\" \"HTTPie\"","service":"acquisitions-api"}
{"level":"info","message":"::1 - - [28/Mar/2026:15:09:03 +0000] \"POST /health HTTP/1.1\" 404 146 \"-\" \"HTTPie\"","service":"acquisitions-api"}
{"level":"info","message":"::1 - - [28/Mar/2026:15:09:03 +0000] \"POST /health HTTP/1.1\" 404 146 \"-\" \"HTTPie\"","service":"acquisitions-api"}
{"level":"info","message":"::1 - - [28/Mar/2026:15:09:03 +0000] \"POST /health HTTP/1.1\" 404 146 \"-\" \"HTTPie\"","service":"acquisitions-api"}
{"level":"info","message":"::1 - - [28/Mar/2026:15:09:03 +0000] \"POST /health HTTP/1.1\" 404 146 \"-\" \"HTTPie\"","service":"acquisitions-api"}
{"level":"info","message":"::1 - - [28/Mar/2026:15:09:04 +0000] \"POST /health HTTP/1.1\" 404 146 \"-\" \"HTTPie\"","service":"acquisitions-api"}
{"level":"info","message":"::1 - - [28/Mar/2026:15:09:04 +0000] \"POST /health HTTP/1.1\" 404 146 \"-\" \"HTTPie\"","service":"acquisitions-api"}
{"level":"info","message":"::1 - - [28/Mar/2026:15:09:04 +0000] \"POST /health HTTP/1.1\" 404 146 \"-\" \"HTTPie\"","service":"acquisitions-api"}
{"level":"info","message":"::1 - - [28/Mar/2026:15:09:04 +0000] \"POST /health HTTP/1.1\" 404 146 \"-\" \"HTTPie\"","service":"acquisitions-api"}
{"level":"info","message":"::1 - - [28/Mar/2026:15:09:04 +0000] \"POST /health HTTP/1.1\" 404 146 \"-\" \"HTTPie\"","service":"acquisitions-api"}
{"level":"info","message":"::1 - - [28/Mar/2026:15:09:04 +0000] \"POST /health HTTP/1.1\" 404 146 \"-\" \"HTTPie\"","service":"acquisitions-api"}
{"level":"info","message":"::1 - - [28/Mar/2026:15:09:05 +0000] \"POST /health HTTP/1.1\" 404 146 \"-\" \"HTTPie\"","service":"acquisitions-api"}
{"level":"info","message":"::1 - - [28/Mar/2026:15:09:05 +0000] \"POST /health HTTP/1.1\" 404 146 \"-\" \"HTTPie\"","service":"acquisitions-api"}
{"level":"info","message":"::1 - - [28/Mar/2026:15:09:05 +0000] \"POST /health HTTP/1.1\" 404 146 \"-\" \"HTTPie\"","service":"acquisitions-api"}
{"level":"info","message":"::1 - - [28/Mar/2026:15:09:05 +0000] \"POST /health HTTP/1.1\" 404 146 \"-\" \"HTTPie\"","service":"acquisitions-api"}
{"level":"info","message":"::1 - - [28/Mar/2026:15:09:05 +0000] \"POST /health HTTP/1.1\" 404 146 \"-\" \"HTTPie\"","service":"acquisitions-api"}
{"level":"info","message":"::1 - - [28/Mar/2026:15:09:05 +0000] \"POST /health HTTP/1.1\" 404 146 \"-\" \"HTTPie\"","service":"acquisitions-api"}
{"level":"info","message":"::1 - - [28/Mar/2026:15:09:06 +0000] \"POST /health HTTP/1.1\" 404 146 \"-\" \"HTTPie\"","service":"acquisitions-api"}
{"level":"info","message":"::1 - - [28/Mar/2026:15:09:06 +0000] \"POST /health HTTP/1.1\" 404 146 \"-\" \"HTTPie\"","service":"acquisitions-api"}
{"level":"info","message":"::1 - - [28/Mar/2026:15:10:06 +0000] \"GET /health HTTP/1.1\" 200 75 \"-\" \"HTTPie\"","service":"acquisitions-api"}
{"level":"info","message":"::1 - - [28/Mar/2026:15:10:07 +0000] \"GET /health HTTP/1.1\" 200 75 \"-\" \"HTTPie\"","service":"acquisitions-api"}
{"level":"info","message":"::1 - - [28/Mar/2026:15:10:08 +0000] \"GET /health HTTP/1.1\" 200 75 \"-\" \"HTTPie\"","service":"acquisitions-api"}
{"level":"info","message":"::1 - - [28/Mar/2026:15:10:08 +0000] \"GET /health HTTP/1.1\" 200 75 \"-\" \"HTTPie\"","service":"acquisitions-api"}
{"level":"info","message":"::1 - - [28/Mar/2026:15:10:12 +0000] \"GET /health HTTP/1.1\" 200 74 \"-\" \"HTTPie\"","service":"acquisitions-api"}
{"level":"info","message":"::1 - - [28/Mar/2026:15:10:16 +0000] \"GET /health HTTP/1.1\" 200 75 \"-\" \"HTTPie\"","service":"acquisitions-api"}
{"level":"info","message":"::1 - - [28/Mar/2026:15:10:16 +0000] \"GET /health HTTP/1.1\" 200 75 \"-\" \"HTTPie\"","service":"acquisitions-api"}
{"level":"info","message":"::1 - - [28/Mar/2026:15:10:16 +0000] \"GET /health HTTP/1.1\" 200 75 \"-\" \"HTTPie\"","service":"acquisitions-api"}
{"level":"info","message":"::1 - - [28/Mar/2026:15:10:17 +0000] \"GET /health HTTP/1.1\" 200 75 \"-\" \"HTTPie\"","service":"acquisitions-api"}
{"level":"info","message":"::1 - - [28/Mar/2026:15:10:17 +0000] \"GET /health HTTP/1.1\" 200 75 \"-\" \"HTTPie\"","service":"acquisitions-api"}
{"level":"info","message":"::1 - - [28/Mar/2026:15:10:17 +0000] \"GET /health HTTP/1.1\" 200 75 \"-\" \"HTTPie\"","service":"acquisitions-api"}
{"level":"info","message":"::1 - - [28/Mar/2026:15:10:17 +0000] \"GET /health HTTP/1.1\" 200 75 \"-\" \"HTTPie\"","service":"acquisitions-api"}
{"level":"info","message":"::1 - - [28/Mar/2026:15:10:18 +0000] \"GET /health HTTP/1.1\" 200 75 \"-\" \"HTTPie\"","service":"acquisitions-api"}
{"level":"info","message":"::1 - - [28/Mar/2026:15:10:18 +0000] \"GET /health HTTP/1.1\" 200 75 \"-\" \"HTTPie\"","service":"acquisitions-api"}
{"level":"info","message":"::1 - - [28/Mar/2026:15:10:18 +0000] \"GET /health HTTP/1.1\" 200 75 \"-\" \"HTTPie\"","service":"acquisitions-api"}
{"level":"info","message":"::1 - - [28/Mar/2026:15:10:18 +0000] \"GET /health HTTP/1.1\" 200 75 \"-\" \"HTTPie\"","service":"acquisitions-api"}
{"level":"info","message":"::1 - - [28/Mar/2026:15:10:18 +0000] \"GET /health HTTP/1.1\" 200 75 \"-\" \"HTTPie\"","service":"acquisitions-api"}
{"level":"info","message":"::1 - - [28/Mar/2026:15:10:18 +0000] \"GET /health HTTP/1.1\" 200 75 \"-\" \"HTTPie\"","service":"acquisitions-api"}
{"level":"info","message":"::1 - - [28/Mar/2026:15:10:19 +0000] \"GET /health HTTP/1.1\" 200 75 \"-\" \"HTTPie\"","service":"acquisitions-api"}
{"level":"info","message":"::1 - - [28/Mar/2026:15:10:19 +0000] \"GET /health HTTP/1.1\" 200 75 \"-\" \"HTTPie\"","service":"acquisitions-api"}
{"level":"info","message":"::1 - - [28/Mar/2026:15:10:19 +0000] \"GET /health HTTP/1.1\" 200 74 \"-\" \"HTTPie\"","service":"acquisitions-api"}
{"level":"info","message":"::1 - - [28/Mar/2026:15:10:19 +0000] \"GET /health HTTP/1.1\" 200 75 \"-\" \"HTTPie\"","service":"acquisitions-api"}
{"level":"info","message":"::1 - - [28/Mar/2026:15:10:19 +0000] \"GET /health HTTP/1.1\" 200 75 \"-\" \"HTTPie\"","service":"acquisitions-api"}
{"level":"info","message":"::1 - - [28/Mar/2026:15:10:20 +0000] \"GET /health HTTP/1.1\" 200 75 \"-\" \"HTTPie\"","service":"acquisitions-api"}
{"level":"info","message":"::1 - - [28/Mar/2026:15:10:20 +0000] \"GET /health HTTP/1.1\" 200 75 \"-\" \"HTTPie\"","service":"acquisitions-api"}
{"level":"info","message":"::1 - - [28/Mar/2026:15:10:20 +0000] \"GET /health HTTP/1.1\" 200 75 \"-\" \"HTTPie\"","service":"acquisitions-api"}
{"level":"info","message":"::1 - - [28/Mar/2026:15:10:20 +0000] \"GET /health HTTP/1.1\" 200 75 \"-\" \"HTTPie\"","service":"acquisitions-api"}
{"level":"info","message":"::1 - - [28/Mar/2026:15:10:20 +0000] \"GET /health HTTP/1.1\" 200 75 \"-\" \"HTTPie\"","service":"acquisitions-api"}
{"level":"info","message":"::1 - - [28/Mar/2026:15:10:20 +0000] \"GET /health HTTP/1.1\" 200 75 \"-\" \"HTTPie\"","service":"acquisitions-api"}
{"level":"info","message":"::1 - - [28/Mar/2026:15:10:20 +0000] \"GET /health HTTP/1.1\" 200 75 \"-\" \"HTTPie\"","service":"acquisitions-api"}
{"level":"info","message":"::1 - - [28/Mar/2026:15:10:21 +0000] \"GET /health HTTP/1.1\" 200 75 \"-\" \"HTTPie\"","service":"acquisitions-api"}
{"level":"info","message":"::1 - - [28/Mar/2026:15:10:21 +0000] \"GET /health HTTP/1.1\" 200 75 \"-\" \"HTTPie\"","service":"acquisitions-api"}
{"level":"info","message":"::1 - - [28/Mar/2026:15:10:21 +0000] \"GET /health HTTP/1.1\" 200 74 \"-\" \"HTTPie\"","service":"acquisitions-api"}
{"level":"info","message":"::1 - - [28/Mar/2026:15:10:21 +0000] \"GET /health HTTP/1.1\" 200 75 \"-\" \"HTTPie\"","service":"acquisitions-api"}
{"level":"info","message":"::1 - - [28/Mar/2026:15:10:21 +0000] \"GET /health HTTP/1.1\" 200 75 \"-\" \"HTTPie\"","service":"acquisitions-api"}
{"level":"info","message":"::1 - - [28/Mar/2026:15:10:22 +0000] \"GET /health HTTP/1.1\" 200 75 \"-\" \"HTTPie\"","service":"acquisitions-api"}
{"level":"info","message":"::1 - - [28/Mar/2026:15:10:22 +0000] \"GET /health HTTP/1.1\" 200 74 \"-\" \"HTTPie\"","service":"acquisitions-api"}
{"level":"info","message":"::1 - - [28/Mar/2026:15:10:22 +0000] \"GET /health HTTP/1.1\" 200 75 \"-\" \"HTTPie\"","service":"acquisitions-api"}
{"level":"info","message":"::1 - - [28/Mar/2026:15:10:22 +0000] \"GET /health HTTP/1.1\" 200 75 \"-\" \"HTTPie\"","service":"acquisitions-api"}
{"level":"info","message":"::1 - - [28/Mar/2026:15:10:22 +0000] \"GET /health HTTP/1.1\" 200 75 \"-\" \"HTTPie\"","service":"acquisitions-api"}
{"level":"info","message":"::1 - - [28/Mar/2026:15:10:23 +0000] \"GET /health HTTP/1.1\" 200 75 \"-\" \"HTTPie\"","service":"acquisitions-api"}
{"level":"info","message":"::1 - - [28/Mar/2026:15:10:23 +0000] \"GET /health HTTP/1.1\" 200 75 \"-\" \"HTTPie\"","service":"acquisitions-api"}
{"level":"info","message":"::1 - - [28/Mar/2026:15:10:23 +0000] \"GET /health HTTP/1.1\" 200 74 \"-\" \"HTTPie\"","service":"acquisitions-api"}
{"level":"info","message":"::1 - - [28/Mar/2026:15:10:23 +0000] \"GET /health HTTP/1.1\" 200 75 \"-\" \"HTTPie\"","service":"acquisitions-api"}
{"level":"info","message":"::1 - - [28/Mar/2026:15:10:23 +0000] \"GET /health HTTP/1.1\" 200 75 \"-\" \"HTTPie\"","service":"acquisitions-api"}
{"level":"info","message":"::1 - - [28/Mar/2026:15:10:24 +0000] \"GET /health HTTP/1.1\" 200 75 \"-\" \"HTTPie\"","service":"acquisitions-api"}
{"level":"info","message":"::1 - - [28/Mar/2026:15:10:24 +0000] \"GET /health HTTP/1.1\" 200 74 \"-\" \"HTTPie\"","service":"acquisitions-api"}
{"level":"info","message":"::1 - - [28/Mar/2026:15:10:24 +0000] \"GET /health HTTP/1.1\" 200 75 \"-\" \"HTTPie\"","service":"acquisitions-api"}
{"level":"info","message":"::1 - - [28/Mar/2026:15:10:24 +0000] \"GET /health HTTP/1.1\" 200 75 \"-\" \"HTTPie\"","service":"acquisitions-api"}
{"level":"info","message":"::1 - - [28/Mar/2026:15:10:25 +0000] \"GET /health HTTP/1.1\" 200 75 \"-\" \"HTTPie\"","service":"acquisitions-api"}
{"level":"info","message":"::1 - - [28/Mar/2026:15:10:25 +0000] \"GET /health HTTP/1.1\" 200 75 \"-\" \"HTTPie\"","service":"acquisitions-api"}
{"level":"info","message":"::1 - - [28/Mar/2026:15:10:25 +0000] \"GET /health HTTP/1.1\" 200 75 \"-\" \"HTTPie\"","service":"acquisitions-api"}
{"level":"info","message":"::1 - - [28/Mar/2026:15:10:25 +0000] \"GET /health HTTP/1.1\" 200 75 \"-\" \"HTTPie\"","service":"acquisitions-api"}
{"level":"info","message":"::1 - - [28/Mar/2026:15:10:25 +0000] \"GET /health HTTP/1.1\" 200 75 \"-\" \"HTTPie\"","service":"acquisitions-api"}
{"level":"info","message":"::1 - - [28/Mar/2026:15:10:26 +0000] \"GET /health HTTP/1.1\" 200 75 \"-\" \"HTTPie\"","service":"acquisitions-api"}
{"level":"info","message":"::1 - - [28/Mar/2026:15:10:26 +0000] \"GET /health HTTP/1.1\" 200 75 \"-\" \"HTTPie\"","service":"acquisitions-api"}
{"level":"info","message":"::1 - - [28/Mar/2026:15:10:26 +0000] \"GET /health HTTP/1.1\" 200 75 \"-\" \"HTTPie\"","service":"acquisitions-api"}
{"level":"info","message":"::1 - - [28/Mar/2026:15:10:26 +0000] \"GET /health HTTP/1.1\" 200 75 \"-\" \"HTTPie\"","service":"acquisitions-api"}
{"level":"info","message":"::1 - - [28/Mar/2026:15:10:26 +0000] \"GET /health HTTP/1.1\" 200 75 \"-\" \"HTTPie\"","service":"acquisitions-api"}
{"level":"info","message":"::1 - - [28/Mar/2026:15:10:26 +0000] \"GET /health HTTP/1.1\" 200 75 \"-\" \"HTTPie\"","service":"acquisitions-api"}
{"level":"info","message":"::1 - - [28/Mar/2026:15:10:27 +0000] \"GET /health HTTP/1.1\" 200 75 \"-\" \"HTTPie\"","service":"acquisitions-api"}
{"level":"info","message":"::1 - - [28/Mar/2026:15:10:27 +0000] \"GET /health HTTP/1.1\" 200 75 \"-\" \"HTTPie\"","service":"acquisitions-api"}
{"level":"info","message":"::1 - - [28/Mar/2026:15:10:27 +0000] \"GET /health HTTP/1.1\" 200 75 \"-\" \"HTTPie\"","service":"acquisitions-api"}
{"level":"info","message":"::1 - - [28/Mar/2026:15:10:27 +0000] \"GET /health HTTP/1.1\" 200 75 \"-\" \"HTTPie\"","service":"acquisitions-api"}
{"level":"info","message":"::1 - - [28/Mar/2026:15:11:57 +0000] \"POST /api/auth/sign-in HTTP/1.1\" 400 43 \"-\" \"HTTPie\"","service":"acquisitions-api"}
{"level":"info","message":"::1 - - [28/Mar/2026:15:12:43 +0000] \"GET /health HTTP/1.1\" 200 75 \"-\" \"HTTPie\"","service":"acquisitions-api"}
{"level":"info","message":"::1 - - [28/Mar/2026:15:12:44 +0000] \"GET /health HTTP/1.1\" 200 75 \"-\" \"HTTPie\"","service":"acquisitions-api"}
{"level":"info","message":"::1 - - [28/Mar/2026:15:12:44 +0000] \"GET /health HTTP/1.1\" 200 75 \"-\" \"HTTPie\"","service":"acquisitions-api"}
{"level":"info","message":"::1 - - [28/Mar/2026:15:12:44 +0000] \"GET /health HTTP/1.1\" 200 75 \"-\" \"HTTPie\"","service":"acquisitions-api"}
{"level":"info","message":"::1 - - [28/Mar/2026:15:12:44 +0000] \"GET /health HTTP/1.1\" 200 74 \"-\" \"HTTPie\"","service":"acquisitions-api"}
{"level":"info","message":"::1 - - [28/Mar/2026:15:12:45 +0000] \"GET /health HTTP/1.1\" 200 75 \"-\" \"HTTPie\"","service":"acquisitions-api"}
{"level":"info","message":"::1 - - [28/Mar/2026:15:12:45 +0000] \"GET /health HTTP/1.1\" 200 75 \"-\" \"HTTPie\"","service":"acquisitions-api"}
{"level":"info","message":"::1 - - [28/Mar/2026:15:12:45 +0000] \"GET /health HTTP/1.1\" 200 75 \"-\" \"HTTPie\"","service":"acquisitions-api"}
{"level":"info","message":"::1 - - [28/Mar/2026:15:12:45 +0000] \"GET /health HTTP/1.1\" 200 75 \"-\" \"HTTPie\"","service":"acquisitions-api"}
{"level":"info","message":"::1 - - [28/Mar/2026:15:12:45 +0000] \"GET /health HTTP/1.1\" 200 75 \"-\" \"HTTPie\"","service":"acquisitions-api"}
{"level":"info","message":"::1 - - [28/Mar/2026:15:12:45 +0000] \"GET /health HTTP/1.1\" 200 75 \"-\" \"HTTPie\"","service":"acquisitions-api"}
{"level":"info","message":"::1 - - [28/Mar/2026:15:12:45 +0000] \"GET /health HTTP/1.1\" 200 75 \"-\" \"HTTPie\"","service":"acquisitions-api"}
{"level":"info","message":"::1 - - [28/Mar/2026:15:12:46 +0000] \"GET /health HTTP/1.1\" 200 75 \"-\" \"HTTPie\"","service":"acquisitions-api"}
{"level":"info","message":"::1 - - [28/Mar/2026:15:12:46 +0000] \"GET /health HTTP/1.1\" 200 75 \"-\" \"HTTPie\"","service":"acquisitions-api"}
{"level":"info","message":"::1 - - [28/Mar/2026:15:12:47 +0000] \"GET /health HTTP/1.1\" 200 75 \"-\" \"HTTPie\"","service":"acquisitions-api"}
{"level":"info","message":"::1 - - [28/Mar/2026:15:12:47 +0000] \"GET /health HTTP/1.1\" 200 75 \"-\" \"HTTPie\"","service":"acquisitions-api"}
{"level":"info","message":"::1 - - [28/Mar/2026:15:12:47 +0000] \"GET /health HTTP/1.1\" 200 75 \"-\" \"HTTPie\"","service":"acquisitions-api"}
{"level":"info","message":"::1 - - [28/Mar/2026:15:12:47 +0000] \"GET /health HTTP/1.1\" 200 75 \"-\" \"HTTPie\"","service":"acquisitions-api"}
{"level":"info","message":"::1 - - [28/Mar/2026:15:12:47 +0000] \"GET /health HTTP/1.1\" 200 75 \"-\" \"HTTPie\"","service":"acquisitions-api"}
{"level":"info","message":"::1 - - [28/Mar/2026:15:12:48 +0000] \"GET /health HTTP/1.1\" 200 75 \"-\" \"HTTPie\"","service":"acquisitions-api"}
{"level":"info","message":"::1 - - [28/Mar/2026:15:12:48 +0000] \"GET /health HTTP/1.1\" 200 75 \"-\" \"HTTPie\"","service":"acquisitions-api"}
{"level":"info","message":"::1 - - [28/Mar/2026:15:12:48 +0000] \"GET /health HTTP/1.1\" 200 75 \"-\" \"HTTPie\"","service":"acquisitions-api"}
{"level":"info","message":"::1 - - [28/Mar/2026:15:12:48 +0000] \"GET /health HTTP/1.1\" 200 75 \"-\" \"HTTPie\"","service":"acquisitions-api"}
{"level":"info","message":"::1 - - [28/Mar/2026:15:12:48 +0000] \"GET /health HTTP/1.1\" 200 75 \"-\" \"HTTPie\"","service":"acquisitions-api"}
{"level":"info","message":"::1 - - [28/Mar/2026:15:12:48 +0000] \"GET /health HTTP/1.1\" 200 75 \"-\" \"HTTPie\"","service":"acquisitions-api"}
{"level":"info","message":"::1 - - [28/Mar/2026:15:12:49 +0000] \"GET /health HTTP/1.1\" 200 75 \"-\" \"HTTPie\"","service":"acquisitions-api"}
{"level":"info","message":"::1 - - [28/Mar/2026:15:12:49 +0000] \"GET /health HTTP/1.1\" 200 75 \"-\" \"HTTPie\"","service":"acquisitions-api"}
{"level":"info","message":"::1 - - [28/Mar/2026:15:12:49 +0000] \"GET /health HTTP/1.1\" 200 75 \"-\" \"HTTPie\"","service":"acquisitions-api"}
{"level":"info","message":"::1 - - [28/Mar/2026:15:12:49 +0000] \"GET /health HTTP/1.1\" 200 75 \"-\" \"HTTPie\"","service":"acquisitions-api"}
{"level":"info","message":"::1 - - [28/Mar/2026:15:12:49 +0000] \"GET /health HTTP/1.1\" 200 75 \"-\" \"HTTPie\"","service":"acquisitions-api"}
{"level":"info","message":"::1 - - [28/Mar/2026:15:12:49 +0000] \"GET /health HTTP/1.1\" 200 75 \"-\" \"HTTPie\"","service":"acquisitions-api"}
{"level":"info","message":"::1 - - [28/Mar/2026:15:12:49 +0000] \"GET /health HTTP/1.1\" 200 75 \"-\" \"HTTPie\"","service":"acquisitions-api"}
{"level":"info","message":"::1 - - [28/Mar/2026:15:12:50 +0000] \"GET /health HTTP/1.1\" 200 75 \"-\" \"HTTPie\"","service":"acquisitions-api"}
{"level":"info","message":"::1 - - [28/Mar/2026:15:12:50 +0000] \"GET /health HTTP/1.1\" 200 75 \"-\" \"HTTPie\"","service":"acquisitions-api"}
{"level":"info","message":"::1 - - [28/Mar/2026:15:12:50 +0000] \"GET /health HTTP/1.1\" 200 75 \"-\" \"HTTPie\"","service":"acquisitions-api"}
{"level":"info","message":"::1 - - [28/Mar/2026:15:12:50 +0000] \"GET /health HTTP/1.1\" 200 75 \"-\" \"HTTPie\"","service":"acquisitions-api"}
{"level":"info","message":"::1 - - [28/Mar/2026:15:12:50 +0000] \"GET /health HTTP/1.1\" 200 75 \"-\" \"HTTPie\"","service":"acquisitions-api"}
{"level":"info","message":"::1 - - [28/Mar/2026:15:12:50 +0000] \"GET /health HTTP/1.1\" 200 75 \"-\" \"HTTPie\"","service":"acquisitions-api"}
{"level":"info","message":"::1 - - [28/Mar/2026:15:12:50 +0000] \"GET /health HTTP/1.1\" 200 75 \"-\" \"HTTPie\"","service":"acquisitions-api"}
{"level":"info","message":"::1 - - [28/Mar/2026:15:12:50 +0000] \"GET /health HTTP/1.1\" 200 75 \"-\" \"HTTPie\"","service":"acquisitions-api"}
{"level":"info","message":"::1 - - [28/Mar/2026:15:12:51 +0000] \"GET /health HTTP/1.1\" 200 75 \"-\" \"HTTPie\"","service":"acquisitions-api"}
{"level":"info","message":"::1 - - [28/Mar/2026:15:12:51 +0000] \"GET /health HTTP/1.1\" 200 75 \"-\" \"HTTPie\"","service":"acquisitions-api"}
{"level":"info","message":"::1 - - [28/Mar/2026:15:12:51 +0000] \"GET /health HTTP/1.1\" 200 75 \"-\" \"HTTPie\"","service":"acquisitions-api"}
{"level":"info","message":"::1 - - [28/Mar/2026:15:12:51 +0000] \"GET /health HTTP/1.1\" 200 75 \"-\" \"HTTPie\"","service":"acquisitions-api"}
{"level":"info","message":"::1 - - [28/Mar/2026:15:12:51 +0000] \"GET /health HTTP/1.1\" 200 75 \"-\" \"HTTPie\"","service":"acquisitions-api"}
{"level":"info","message":"::1 - - [28/Mar/2026:15:12:52 +0000] \"GET /health HTTP/1.1\" 200 75 \"-\" \"HTTPie\"","service":"acquisitions-api"}
{"level":"info","message":"::1 - - [28/Mar/2026:15:12:52 +0000] \"GET /health HTTP/1.1\" 200 74 \"-\" \"HTTPie\"","service":"acquisitions-api"}
{"level":"info","message":"::1 - - [28/Mar/2026:15:12:52 +0000] \"GET /health HTTP/1.1\" 200 75 \"-\" \"HTTPie\"","service":"acquisitions-api"}
